#
# There is insufficient memory for the Java Runtime Environment to continue.
# Native memory allocation (malloc) failed to allocate 560752 bytes for Chunk::new
# Possible reasons:
#   The system is out of physical RAM or swap space
#   The process is running with CompressedOops enabled, and the Java Heap may be blocking the growth of the native heap
# Possible solutions:
#   Reduce memory load on the system
#   Increase physical memory or swap space
#   Check if swap backing store is full
#   Decrease Java heap size (-Xmx/-Xms)
#   Decrease number of Java threads
#   Decrease Java thread stack sizes (-Xss)
#   Set larger code cache with -XX:ReservedCodeCacheSize=
#   JVM is running with Unscaled Compressed Oops mode in which the Java heap is
#     placed in the first 4GB address space. The Java Heap base address is the
#     maximum limit for the native heap growth. Please use -XX:HeapBaseMinAddress
#     to set the Java Heap base and to place the Java Heap above 4GB virtual address.
# This output file may be truncated or incomplete.
#
#  Out of Memory Error (arena.cpp:191), pid=5408, tid=4732
#
# JRE version: OpenJDK Runtime Environment Temurin-17.0.9+9 (17.0.9+9) (build 17.0.9+9)
# Java VM: OpenJDK 64-Bit Server VM Temurin-17.0.9+9 (17.0.9+9, mixed mode, tiered, compressed oops, compressed class ptrs, parallel gc, windows-amd64)
# No core dump will be written. Minidumps are not enabled by default on client versions of Windows
#

---------------  S U M M A R Y ------------

Command Line: --add-modules=ALL-SYSTEM --add-opens=java.base/java.util=ALL-UNNAMED --add-opens=java.base/java.lang=ALL-UNNAMED --add-opens=java.base/sun.nio.fs=ALL-UNNAMED -Declipse.application=org.eclipse.jdt.ls.core.id1 -Dosgi.bundles.defaultStartLevel=4 -Declipse.product=org.eclipse.jdt.ls.core.product -Djava.import.generatesMetadataFilesAtProjectRoot=false -DDetectVMInstallationsJob.disabled=true -Dfile.encoding=utf8 -XX:+UseParallelGC -XX:GCTimeRatio=4 -XX:AdaptiveSizePolicyWeight=90 -Dsun.zip.disableMemoryMapping=true -Xmx1G -Xms100m -Xlog:disable -javaagent:c:\Users\Juan Vargas\.vscode\extensions\redhat.java-1.25.1-win32-x64\lombok\lombok-1.18.30.jar -XX:+HeapDumpOnOutOfMemoryError -XX:HeapDumpPath=c:\Users\Juan Vargas\AppData\Roaming\Code\User\workspaceStorage\9bff7dcea43d9357d7f307d8c298b8f6\redhat.java -Daether.dependencyCollector.impl=bf c:\Users\Juan Vargas\.vscode\extensions\redhat.java-1.25.1-win32-x64\server\plugins\org.eclipse.equinox.launcher_1.6.600.v20231106-1826.jar -configuration c:\Users\Juan Vargas\AppData\Roaming\Code\User\globalStorage\redhat.java\1.25.1\config_win -data c:\Users\Juan Vargas\AppData\Roaming\Code\User\workspaceStorage\9bff7dcea43d9357d7f307d8c298b8f6\redhat.java\jdt_ws --stdio

Host: AMD Ryzen 5 3450U with Radeon Vega Mobile Gfx  , 8 cores, 3G,  Windows 10 , 64 bit Build 17763 (10.0.17763.4974)
Time: Tue Dec 12 22:56:09 2023 Hora est. Pacífico, Sudamérica elapsed time: 4.286505 seconds (0d 0h 0m 4s)

---------------  T H R E A D  ---------------

Current thread (0x00000285f539d620):  JavaThread "C2 CompilerThread0" daemon [_thread_in_native, id=4732, stack(0x000000bfef400000,0x000000bfef500000)]


Current CompileTask:
C2:   4286 2028   !   4       java.util.jar.Attributes::read (498 bytes)

Stack: [0x000000bfef400000,0x000000bfef500000]
Native frames: (J=compiled Java code, j=interpreted, Vv=VM code, C=native code)
V  [jvm.dll+0x67cf49]
V  [jvm.dll+0x83478a]
V  [jvm.dll+0x83624e]
V  [jvm.dll+0x8368b3]
V  [jvm.dll+0x247f1f]
V  [jvm.dll+0xac43c]
V  [jvm.dll+0xaca8c]
V  [jvm.dll+0x367067]
V  [jvm.dll+0x1bd536]
V  [jvm.dll+0x21a709]
V  [jvm.dll+0x2199d1]
V  [jvm.dll+0x1a57cd]
V  [jvm.dll+0x2297ae]
V  [jvm.dll+0x22797c]
V  [jvm.dll+0x7e9877]
V  [jvm.dll+0x7e3c3a]
V  [jvm.dll+0x67be35]
C  [ucrtbase.dll+0x2268a]
C  [KERNEL32.DLL+0x17ac4]
C  [ntdll.dll+0x5a4e1]


---------------  P R O C E S S  ---------------

Threads class SMR info:
_java_thread_list=0x00000285f6f50fd0, length=17, elements={
0x00000285dc197690, 0x00000285f0026000, 0x00000285f0027a40, 0x00000285f002b2e0,
0x00000285f002ce30, 0x00000285f002dab0, 0x00000285f5392d90, 0x00000285f539d620,
0x00000285f539e780, 0x00000285f53a7860, 0x00000285f5461ad0, 0x00000285f5463420,
0x00000285f5461fe0, 0x00000285f54624f0, 0x00000285f5463e40, 0x00000285f54610b0,
0x00000285f5460690
}

Java Threads: ( => current thread )
  0x00000285dc197690 JavaThread "main" [_thread_blocked, id=5396, stack(0x000000bfeeb00000,0x000000bfeec00000)]
  0x00000285f0026000 JavaThread "Reference Handler" daemon [_thread_blocked, id=2676, stack(0x000000bfeee00000,0x000000bfeef00000)]
  0x00000285f0027a40 JavaThread "Finalizer" daemon [_thread_blocked, id=732, stack(0x000000bfeef00000,0x000000bfef000000)]
  0x00000285f002b2e0 JavaThread "Signal Dispatcher" daemon [_thread_blocked, id=9540, stack(0x000000bfef000000,0x000000bfef100000)]
  0x00000285f002ce30 JavaThread "Attach Listener" daemon [_thread_blocked, id=10596, stack(0x000000bfef100000,0x000000bfef200000)]
  0x00000285f002dab0 JavaThread "Service Thread" daemon [_thread_blocked, id=10904, stack(0x000000bfef200000,0x000000bfef300000)]
  0x00000285f5392d90 JavaThread "Monitor Deflation Thread" daemon [_thread_blocked, id=9572, stack(0x000000bfef300000,0x000000bfef400000)]
=>0x00000285f539d620 JavaThread "C2 CompilerThread0" daemon [_thread_in_native, id=4732, stack(0x000000bfef400000,0x000000bfef500000)]
  0x00000285f539e780 JavaThread "C1 CompilerThread0" daemon [_thread_blocked, id=4784, stack(0x000000bfef500000,0x000000bfef600000)]
  0x00000285f53a7860 JavaThread "Sweeper thread" daemon [_thread_blocked, id=11096, stack(0x000000bfef600000,0x000000bfef700000)]
  0x00000285f5461ad0 JavaThread "Common-Cleaner" daemon [_thread_blocked, id=8016, stack(0x000000bfef700000,0x000000bfef800000)]
  0x00000285f5463420 JavaThread "Notification Thread" daemon [_thread_blocked, id=1780, stack(0x000000bfef800000,0x000000bfef900000)]
  0x00000285f5461fe0 JavaThread "Active Thread: Equinox Container: fee7d872-7556-43b9-8b5f-5654ba72abe7" [_thread_blocked, id=11104, stack(0x000000bff0000000,0x000000bff0100000)]
  0x00000285f54624f0 JavaThread "Framework Event Dispatcher: Equinox Container: fee7d872-7556-43b9-8b5f-5654ba72abe7" daemon [_thread_blocked, id=9012, stack(0x000000bff0100000,0x000000bff0200000)]
  0x00000285f5463e40 JavaThread "Start Level: Equinox Container: fee7d872-7556-43b9-8b5f-5654ba72abe7" daemon [_thread_in_vm, id=4472, stack(0x000000bff0200000,0x000000bff0300000)]
  0x00000285f54610b0 JavaThread "Bundle File Closer" daemon [_thread_blocked, id=6672, stack(0x000000bff0400000,0x000000bff0500000)]
  0x00000285f5460690 JavaThread "SCR Component Actor" daemon [_thread_blocked, id=6776, stack(0x000000bff0500000,0x000000bff0600000)]

Other Threads:
  0x00000285f5350c20 VMThread "VM Thread" [stack: 0x000000bfeed00000,0x000000bfeee00000] [id=6640]
  0x00000285f63b6360 WatcherThread [stack: 0x000000bfef900000,0x000000bfefa00000] [id=1868]
  0x00000285dc1abb10 GCTaskThread "GC Thread#0" [stack: 0x000000bfeec00000,0x000000bfeed00000] [id=10480]
  0x00000285f691acc0 GCTaskThread "GC Thread#1" [stack: 0x000000bfefa00000,0x000000bfefb00000] [id=4864]
  0x00000285f691d4c0 GCTaskThread "GC Thread#2" [stack: 0x000000bfefb00000,0x000000bfefc00000] [id=8320]
  0x00000285f691d780 GCTaskThread "GC Thread#3" [stack: 0x000000bfefc00000,0x000000bfefd00000] [id=9944]
  0x00000285f691da40 GCTaskThread "GC Thread#4" [stack: 0x000000bfefd00000,0x000000bfefe00000] [id=10316]
  0x00000285f6518da0 GCTaskThread "GC Thread#5" [stack: 0x000000bfefe00000,0x000000bfeff00000] [id=980]
  0x00000285f6519060 GCTaskThread "GC Thread#6" [stack: 0x000000bfeff00000,0x000000bff0000000] [id=4272]
  0x00000285f6d9e1f0 GCTaskThread "GC Thread#7" [stack: 0x000000bff0300000,0x000000bff0400000] [id=2364]

Threads with active compile tasks:
C2 CompilerThread0     4321 2028   !   4       java.util.jar.Attributes::read (498 bytes)

VM state: not at safepoint (normal execution)

VM Mutex/Monitor currently owned by a thread:  ([mutex/lock_event])
[0x00000285dc192560] Metaspace_lock - owner thread: 0x00000285f5463e40

Heap address: 0x00000000c0000000, size: 1024 MB, Compressed Oops mode: 32-bit

CDS archive(s) not mapped
Compressed class space mapped at: 0x0000000100000000-0x0000000140000000, reserved size: 1073741824
Narrow klass base: 0x0000000000000000, Narrow klass shift: 3, Narrow klass range: 0x140000000

GC Precious Log:
 CPUs: 8 total, 8 available
 Memory: 3526M
 Large Page Support: Disabled
 NUMA Support: Disabled
 Compressed Oops: Enabled (32-bit)
 Alignments: Space 512K, Generation 512K, Heap 2M
 Heap Min Capacity: 100M
 Heap Initial Capacity: 100M
 Heap Max Capacity: 1G
 Pre-touch: Disabled
 Parallel Workers: 8

Heap:
 PSYoungGen      total 29696K, used 27963K [0x00000000eab00000, 0x00000000ecc00000, 0x0000000100000000)
  eden space 25600K, 93% used [0x00000000eab00000,0x00000000ec250d90,0x00000000ec400000)
  from space 4096K, 99% used [0x00000000ec800000,0x00000000ecbfe028,0x00000000ecc00000)
  to   space 4096K, 0% used [0x00000000ec400000,0x00000000ec400000,0x00000000ec800000)
 ParOldGen       total 68608K, used 1422K [0x00000000c0000000, 0x00000000c4300000, 0x00000000eab00000)
  object space 68608K, 2% used [0x00000000c0000000,0x00000000c0163b00,0x00000000c4300000)
 Metaspace       used 16290K, committed 16512K, reserved 1114112K
  class space    used 1640K, committed 1728K, reserved 1048576K

Card table byte_map: [0x00000285dbb30000,0x00000285dbd40000] _byte_map_base: 0x00000285db530000

Marking Bits: (ParMarkBitMap*) 0x00007ffdb920d0b0
 Begin Bits: [0x00000285ede30000, 0x00000285eee30000)
 End Bits:   [0x00000285eee30000, 0x00000285efe30000)

Polling page: 0x00000285da030000

Metaspace:

Usage:
  Non-class:     14.31 MB used.
      Class:      1.60 MB used.
       Both:     15.91 MB used.

Virtual space:
  Non-class space:       64.00 MB reserved,      14.44 MB ( 23%) committed,  1 nodes.
      Class space:        1.00 GB reserved,       1.69 MB ( <1%) committed,  1 nodes.
             Both:        1.06 GB reserved,      16.13 MB (  1%) committed. 

Chunk freelists:
   Non-Class:  1.53 MB
       Class:  14.31 MB
        Both:  15.84 MB

MaxMetaspaceSize: unlimited
CompressedClassSpaceSize: 1.00 GB
Initial GC threshold: 21.00 MB
Current GC threshold: 21.00 MB
CDS: off
MetaspaceReclaimPolicy: balanced
 - commit_granule_bytes: 65536.
 - commit_granule_words: 8192.
 - virtual_space_node_default_size: 8388608.
 - enlarge_chunks_in_place: 1.
 - new_chunks_are_fully_committed: 0.
 - uncommit_free_chunks: 1.
 - use_allocation_guard: 0.
 - handle_deallocations: 1.


Internal statistics:

num_allocs_failed_limit: 0.
num_arena_births: 110.
num_arena_deaths: 0.
num_vsnodes_births: 2.
num_vsnodes_deaths: 0.
num_space_committed: 258.
num_space_uncommitted: 0.
num_chunks_returned_to_freelist: 0.
num_chunks_taken_from_freelist: 364.
num_chunk_merges: 0.
num_chunk_splits: 224.
num_chunks_enlarged: 165.
num_inconsistent_stats: 0.

CodeHeap 'non-profiled nmethods': size=120000Kb used=809Kb max_used=809Kb free=119190Kb
 bounds [0x00000285e6900000, 0x00000285e6b70000, 0x00000285ede30000]
CodeHeap 'profiled nmethods': size=120000Kb used=3989Kb max_used=3989Kb free=116011Kb
 bounds [0x00000285dee30000, 0x00000285df220000, 0x00000285e6360000]
CodeHeap 'non-nmethods': size=5760Kb used=1164Kb max_used=1186Kb free=4595Kb
 bounds [0x00000285e6360000, 0x00000285e65d0000, 0x00000285e6900000]
 total_blobs=2547 nmethods=2088 adapters=373
 compilation: enabled
              stopped_count=0, restarted_count=0
 full_count=0

Compilation events (20 events):
Event: 4.256 Thread 0x00000285f539e780 nmethod 2080 0x00000285df206890 code [0x00000285df206a20, 0x00000285df206b68]
Event: 4.256 Thread 0x00000285f539e780 2081       3       jdk.internal.org.objectweb.asm.Type::getDescriptor (93 bytes)
Event: 4.258 Thread 0x00000285f539e780 nmethod 2081 0x00000285df206c10 code [0x00000285df206e80, 0x00000285df207608]
Event: 4.258 Thread 0x00000285f539e780 2082       1       java.lang.reflect.Constructor::getConstructorAccessor (5 bytes)
Event: 4.258 Thread 0x00000285f539e780 nmethod 2082 0x00000285e69c9a90 code [0x00000285e69c9c20, 0x00000285e69c9cf8]
Event: 4.258 Thread 0x00000285f539e780 2083       1       java.lang.reflect.Constructor::getRoot (5 bytes)
Event: 4.258 Thread 0x00000285f539e780 nmethod 2083 0x00000285e69c9d90 code [0x00000285e69c9f20, 0x00000285e69c9ff8]
Event: 4.258 Thread 0x00000285f539e780 2084       1       jdk.internal.reflect.DelegatingConstructorAccessorImpl::setDelegate (6 bytes)
Event: 4.258 Thread 0x00000285f539e780 nmethod 2084 0x00000285e69ca090 code [0x00000285e69ca220, 0x00000285e69ca2f8]
Event: 4.266 Thread 0x00000285f539e780 2085       3       java.lang.invoke.DirectMethodHandle::internalMemberName (8 bytes)
Event: 4.266 Thread 0x00000285f539e780 nmethod 2085 0x00000285df207910 code [0x00000285df207aa0, 0x00000285df207c78]
Event: 4.276 Thread 0x00000285f539e780 2086       3       java.util.concurrent.ConcurrentHashMap::containsKey (14 bytes)
Event: 4.276 Thread 0x00000285f539e780 nmethod 2086 0x00000285df207d90 code [0x00000285df207f40, 0x00000285df2080e8]
Event: 4.276 Thread 0x00000285f539e780 2087       3       java.util.HashSet::isEmpty (8 bytes)
Event: 4.276 Thread 0x00000285f539e780 nmethod 2087 0x00000285df208190 code [0x00000285df208320, 0x00000285df208578]
Event: 4.277 Thread 0x00000285f539e780 2088       3       org.eclipse.osgi.internal.container.InternalUtils$CopyOnFirstWriteList::size (10 bytes)
Event: 4.277 Thread 0x00000285f539e780 nmethod 2088 0x00000285df208690 code [0x00000285df208840, 0x00000285df208a08]
Event: 4.277 Thread 0x00000285f539e780 2089       3       aQute.bnd.stream.EntryPipeline::<init> (16 bytes)
Event: 4.278 Thread 0x00000285f539e780 nmethod 2089 0x00000285df208b10 code [0x00000285df208ce0, 0x00000285df2090c8]
Event: 4.278 Thread 0x00000285f539e780 2091   !   3       java.lang.Class::getEnumConstantsShared (71 bytes)

GC Heap History (4 events):
Event: 1.710 GC heap before
{Heap before GC invocations=1 (full 0):
 PSYoungGen      total 29696K, used 25600K [0x00000000eab00000, 0x00000000ecc00000, 0x0000000100000000)
  eden space 25600K, 100% used [0x00000000eab00000,0x00000000ec400000,0x00000000ec400000)
  from space 4096K, 0% used [0x00000000ec800000,0x00000000ec800000,0x00000000ecc00000)
  to   space 4096K, 0% used [0x00000000ec400000,0x00000000ec400000,0x00000000ec800000)
 ParOldGen       total 68608K, used 0K [0x00000000c0000000, 0x00000000c4300000, 0x00000000eab00000)
  object space 68608K, 0% used [0x00000000c0000000,0x00000000c0000000,0x00000000c4300000)
 Metaspace       used 11009K, committed 11200K, reserved 1114112K
  class space    used 1100K, committed 1216K, reserved 1048576K
}
Event: 1.722 GC heap after
{Heap after GC invocations=1 (full 0):
 PSYoungGen      total 29696K, used 3155K [0x00000000eab00000, 0x00000000ecc00000, 0x0000000100000000)
  eden space 25600K, 0% used [0x00000000eab00000,0x00000000eab00000,0x00000000ec400000)
  from space 4096K, 77% used [0x00000000ec400000,0x00000000ec714c18,0x00000000ec800000)
  to   space 4096K, 0% used [0x00000000ec800000,0x00000000ec800000,0x00000000ecc00000)
 ParOldGen       total 68608K, used 16K [0x00000000c0000000, 0x00000000c4300000, 0x00000000eab00000)
  object space 68608K, 0% used [0x00000000c0000000,0x00000000c0004000,0x00000000c4300000)
 Metaspace       used 11009K, committed 11200K, reserved 1114112K
  class space    used 1100K, committed 1216K, reserved 1048576K
}
Event: 3.122 GC heap before
{Heap before GC invocations=2 (full 0):
 PSYoungGen      total 29696K, used 28755K [0x00000000eab00000, 0x00000000ecc00000, 0x0000000100000000)
  eden space 25600K, 100% used [0x00000000eab00000,0x00000000ec400000,0x00000000ec400000)
  from space 4096K, 77% used [0x00000000ec400000,0x00000000ec714c18,0x00000000ec800000)
  to   space 4096K, 0% used [0x00000000ec800000,0x00000000ec800000,0x00000000ecc00000)
 ParOldGen       total 68608K, used 16K [0x00000000c0000000, 0x00000000c4300000, 0x00000000eab00000)
  object space 68608K, 0% used [0x00000000c0000000,0x00000000c0004000,0x00000000c4300000)
 Metaspace       used 14635K, committed 14912K, reserved 1114112K
  class space    used 1470K, committed 1600K, reserved 1048576K
}
Event: 3.133 GC heap after
{Heap after GC invocations=2 (full 0):
 PSYoungGen      total 29696K, used 4088K [0x00000000eab00000, 0x00000000ecc00000, 0x0000000100000000)
  eden space 25600K, 0% used [0x00000000eab00000,0x00000000eab00000,0x00000000ec400000)
  from space 4096K, 99% used [0x00000000ec800000,0x00000000ecbfe028,0x00000000ecc00000)
  to   space 4096K, 0% used [0x00000000ec400000,0x00000000ec400000,0x00000000ec800000)
 ParOldGen       total 68608K, used 1422K [0x00000000c0000000, 0x00000000c4300000, 0x00000000eab00000)
  object space 68608K, 2% used [0x00000000c0000000,0x00000000c0163b00,0x00000000c4300000)
 Metaspace       used 14635K, committed 14912K, reserved 1114112K
  class space    used 1470K, committed 1600K, reserved 1048576K
}

Dll operation events (9 events):
Event: 0.012 Loaded shared library c:\Users\Juan Vargas\.vscode\extensions\redhat.java-1.25.1-win32-x64\jre\17.0.9-win32-x86_64\bin\java.dll
Event: 0.348 Loaded shared library c:\Users\Juan Vargas\.vscode\extensions\redhat.java-1.25.1-win32-x64\jre\17.0.9-win32-x86_64\bin\zip.dll
Event: 0.353 Loaded shared library C:\Users\Juan Vargas\.vscode\extensions\redhat.java-1.25.1-win32-x64\jre\17.0.9-win32-x86_64\bin\instrument.dll
Event: 0.378 Loaded shared library C:\Users\Juan Vargas\.vscode\extensions\redhat.java-1.25.1-win32-x64\jre\17.0.9-win32-x86_64\bin\net.dll
Event: 0.381 Loaded shared library C:\Users\Juan Vargas\.vscode\extensions\redhat.java-1.25.1-win32-x64\jre\17.0.9-win32-x86_64\bin\nio.dll
Event: 0.392 Loaded shared library C:\Users\Juan Vargas\.vscode\extensions\redhat.java-1.25.1-win32-x64\jre\17.0.9-win32-x86_64\bin\zip.dll
Event: 0.426 Loaded shared library C:\Users\Juan Vargas\.vscode\extensions\redhat.java-1.25.1-win32-x64\jre\17.0.9-win32-x86_64\bin\jimage.dll
Event: 0.542 Loaded shared library c:\Users\Juan Vargas\.vscode\extensions\redhat.java-1.25.1-win32-x64\jre\17.0.9-win32-x86_64\bin\verify.dll
Event: 2.946 Loaded shared library C:\Users\Juan Vargas\AppData\Roaming\Code\User\globalStorage\redhat.java\1.25.1\config_win\org.eclipse.equinox.launcher\org.eclipse.equinox.launcher.win32.win32.x86_64_1.2.800.v20231003-1442\eclipse_11802.dll

Deoptimization events (20 events):
Event: 3.808 Thread 0x00000285f5463e40 DEOPT PACKING pc=0x00000285df1b46d6 sp=0x000000bff02fe090
Event: 3.808 Thread 0x00000285f5463e40 DEOPT UNPACKING pc=0x00000285e63b6e43 sp=0x000000bff02fd518 mode 0
Event: 3.829 Thread 0x00000285f5463e40 DEOPT PACKING pc=0x00000285df1b46d6 sp=0x000000bff02fe090
Event: 3.829 Thread 0x00000285f5463e40 DEOPT UNPACKING pc=0x00000285e63b6e43 sp=0x000000bff02fd518 mode 0
Event: 3.843 Thread 0x00000285f5463e40 DEOPT PACKING pc=0x00000285df1b46d6 sp=0x000000bff02fe090
Event: 3.843 Thread 0x00000285f5463e40 DEOPT UNPACKING pc=0x00000285e63b6e43 sp=0x000000bff02fd518 mode 0
Event: 3.844 Thread 0x00000285f5463e40 DEOPT PACKING pc=0x00000285df1b46d6 sp=0x000000bff02fd8b0
Event: 3.844 Thread 0x00000285f5463e40 DEOPT UNPACKING pc=0x00000285e63b6e43 sp=0x000000bff02fcd38 mode 0
Event: 3.845 Thread 0x00000285f5463e40 DEOPT PACKING pc=0x00000285df1b46d6 sp=0x000000bff02fd8b0
Event: 3.845 Thread 0x00000285f5463e40 DEOPT UNPACKING pc=0x00000285e63b6e43 sp=0x000000bff02fcd38 mode 0
Event: 3.846 Thread 0x00000285f5463e40 DEOPT PACKING pc=0x00000285df1b46d6 sp=0x000000bff02fd780
Event: 3.846 Thread 0x00000285f5463e40 DEOPT UNPACKING pc=0x00000285e63b6e43 sp=0x000000bff02fcc08 mode 0
Event: 3.846 Thread 0x00000285f5463e40 DEOPT PACKING pc=0x00000285df1b46d6 sp=0x000000bff02fd8b0
Event: 3.846 Thread 0x00000285f5463e40 DEOPT UNPACKING pc=0x00000285e63b6e43 sp=0x000000bff02fcd38 mode 0
Event: 3.850 Thread 0x00000285f5463e40 DEOPT PACKING pc=0x00000285df1b46d6 sp=0x000000bff02fd780
Event: 3.851 Thread 0x00000285f5463e40 DEOPT UNPACKING pc=0x00000285e63b6e43 sp=0x000000bff02fcc08 mode 0
Event: 4.195 Thread 0x00000285f5463e40 Uncommon trap: trap_request=0xffffff45 fr.pc=0x00000285e69c4c50 relative=0x0000000000000c50
Event: 4.195 Thread 0x00000285f5463e40 Uncommon trap: reason=unstable_if action=reinterpret pc=0x00000285e69c4c50 method=org.eclipse.osgi.framework.util.CaseInsensitiveDictionaryMap.findCommonKeyIndex(Ljava/lang/String;)Lorg/eclipse/osgi/framework/util/CaseInsensitiveDictionaryMap$CaseInsensit
Event: 4.195 Thread 0x00000285f5463e40 DEOPT PACKING pc=0x00000285e69c4c50 sp=0x000000bff02fe620
Event: 4.195 Thread 0x00000285f5463e40 DEOPT UNPACKING pc=0x00000285e63b66a3 sp=0x000000bff02fe5c0 mode 2

Classes unloaded (0 events):
No events

Classes redefined (0 events):
No events

Internal exceptions (20 events):
Event: 1.049 Thread 0x00000285dc197690 Exception <a 'java/io/FileNotFoundException'{0x00000000eb8921a0}> (0x00000000eb8921a0) 
thrown [s\src\hotspot\share\prims\jni.cpp, line 516]
Event: 1.049 Thread 0x00000285dc197690 Exception <a 'java/io/FileNotFoundException'{0x00000000eb892ee0}> (0x00000000eb892ee0) 
thrown [s\src\hotspot\share\prims\jni.cpp, line 516]
Event: 1.069 Thread 0x00000285dc197690 Exception <a 'java/io/FileNotFoundException'{0x00000000eb8cd9b8}> (0x00000000eb8cd9b8) 
thrown [s\src\hotspot\share\prims\jni.cpp, line 516]
Event: 1.452 Thread 0x00000285dc197690 Exception <a 'java/lang/ClassNotFoundException'{0x00000000ec0d1358}: sun/net/www/protocol/c/Handler> (0x00000000ec0d1358) 
thrown [s\src\hotspot\share\classfile\systemDictionary.cpp, line 256]
Event: 1.452 Thread 0x00000285dc197690 Exception <a 'java/lang/ClassNotFoundException'{0x00000000ec0d2708}: sun/net/www/protocol/c/Handler> (0x00000000ec0d2708) 
thrown [s\src\hotspot\share\classfile\systemDictionary.cpp, line 256]
Event: 1.453 Thread 0x00000285dc197690 Exception <a 'java/lang/ClassNotFoundException'{0x00000000ec0d38f8}: sun/net/www/protocol/c/Handler> (0x00000000ec0d38f8) 
thrown [s\src\hotspot\share\classfile\systemDictionary.cpp, line 256]
Event: 1.467 Thread 0x00000285dc197690 Exception <a 'java/io/FileNotFoundException'{0x00000000ec0fa840}> (0x00000000ec0fa840) 
thrown [s\src\hotspot\share\prims\jni.cpp, line 516]
Event: 1.689 Thread 0x00000285dc197690 Exception <a 'java/lang/NoSuchMethodError'{0x00000000ec3caec0}: 'int java.lang.invoke.DirectMethodHandle$Holder.invokeStaticInit(java.lang.Object, java.lang.Object, java.lang.Object, java.lang.Object)'> (0x00000000ec3caec0) 
thrown [s\src\hotspot\share\interpreter\linkResolver.cpp, line 759]
Event: 1.693 Thread 0x00000285dc197690 Exception <a 'java/lang/NoSuchMethodError'{0x00000000ec3d5530}: 'java.lang.Object java.lang.invoke.DirectMethodHandle$Holder.invokeInterface(java.lang.Object, java.lang.Object)'> (0x00000000ec3d5530) 
thrown [s\src\hotspot\share\interpreter\linkResolver.cpp, line 759]
Event: 1.695 Thread 0x00000285dc197690 Exception <a 'java/lang/IncompatibleClassChangeError'{0x00000000ec3d8d28}: Found class java.lang.Object, but interface was expected> (0x00000000ec3d8d28) 
thrown [s\src\hotspot\share\interpreter\linkResolver.cpp, line 826]
Event: 1.696 Thread 0x00000285dc197690 Exception <a 'java/lang/NoSuchMethodError'{0x00000000ec3dd220}: 'void java.lang.invoke.DirectMethodHandle$Holder.invokeStatic(java.lang.Object, java.lang.Object)'> (0x00000000ec3dd220) 
thrown [s\src\hotspot\share\interpreter\linkResolver.cpp, line 759]
Event: 1.697 Thread 0x00000285dc197690 Exception <a 'java/lang/NoSuchMethodError'{0x00000000ec3e0a20}: 'void java.lang.invoke.DirectMethodHandle$Holder.invokeStaticInit(java.lang.Object, java.lang.Object)'> (0x00000000ec3e0a20) 
thrown [s\src\hotspot\share\interpreter\linkResolver.cpp, line 759]
Event: 1.702 Thread 0x00000285dc197690 Exception <a 'java/lang/NoSuchMethodError'{0x00000000ec3e8098}: 'int java.lang.invoke.DirectMethodHandle$Holder.invokeStaticInit(java.lang.Object, java.lang.Object)'> (0x00000000ec3e8098) 
thrown [s\src\hotspot\share\interpreter\linkResolver.cpp, line 759]
Event: 1.854 Thread 0x00000285dc197690 Exception <a 'java/lang/NoSuchMethodError'{0x00000000eac2fbb0}: 'void java.lang.invoke.DirectMethodHandle$Holder.invokeSpecial(java.lang.Object, java.lang.Object, java.lang.Object)'> (0x00000000eac2fbb0) 
thrown [s\src\hotspot\share\interpreter\linkResolver.cpp, line 759]
Event: 2.575 Thread 0x00000285dc197690 Exception <a 'java/lang/NoSuchMethodError'{0x00000000eba14250}: 'java.lang.Object java.lang.invoke.DirectMethodHandle$Holder.newInvokeSpecial(java.lang.Object, int, java.lang.Object)'> (0x00000000eba14250) 
thrown [s\src\hotspot\share\interpreter\linkResolver.cpp, line 759]
Event: 2.939 Thread 0x00000285dc197690 Exception <a 'java/lang/UnsatisfiedLinkError'{0x00000000ebfb4980}: 'void org.eclipse.equinox.launcher.JNIBridge._update_splash()'> (0x00000000ebfb4980) 
thrown [s\src\hotspot\share\prims\nativeLookup.cpp, line 543]
Event: 3.061 Thread 0x00000285f5463e40 Exception <a 'java/lang/NoSuchMethodError'{0x00000000ec2f4a10}: 'java.lang.Object java.lang.invoke.DirectMethodHandle$Holder.invokeStaticInit(java.lang.Object)'> (0x00000000ec2f4a10) 
thrown [s\src\hotspot\share\interpreter\linkResolver.cpp, line 759]
Event: 3.104 Thread 0x00000285f5463e40 Exception <a 'java/lang/NoSuchMethodError'{0x00000000ec3bb740}: 'java.lang.Object java.lang.invoke.DirectMethodHandle$Holder.newInvokeSpecial(java.lang.Object, java.lang.Object, int, java.lang.Object)'> (0x00000000ec3bb740) 
thrown [s\src\hotspot\share\interpreter\linkResolver.cpp, line 759]
Event: 3.105 Thread 0x00000285f5463e40 Exception <a 'java/lang/NoSuchMethodError'{0x00000000ec3bfa28}: 'java.lang.Object java.lang.invoke.DirectMethodHandle$Holder.invokeSpecial(java.lang.Object, java.lang.Object, java.lang.Object, int, java.lang.Object)'> (0x00000000ec3bfa28) 
thrown [s\src\hotspot\share\interpreter\linkResolver.cpp, line 759]
Event: 3.220 Thread 0x00000285f5463e40 Exception <a 'java/lang/ClassNotFoundException'{0x00000000ead80360}: sun/util/logging/resources/spi/loggingProvider> (0x00000000ead80360) 
thrown [s\src\hotspot\share\classfile\systemDictionary.cpp, line 256]

VM Operations (20 events):
Event: 2.560 Executing VM operation: HandshakeAllThreads
Event: 2.560 Executing VM operation: HandshakeAllThreads done
Event: 3.037 Executing VM operation: HandshakeAllThreads
Event: 3.037 Executing VM operation: HandshakeAllThreads done
Event: 3.037 Executing VM operation: Cleanup
Event: 3.040 Executing VM operation: Cleanup done
Event: 3.122 Executing VM operation: ParallelGCFailedAllocation
Event: 3.133 Executing VM operation: ParallelGCFailedAllocation done
Event: 3.177 Executing VM operation: HandshakeAllThreads
Event: 3.177 Executing VM operation: HandshakeAllThreads done
Event: 3.246 Executing VM operation: HandshakeAllThreads
Event: 3.246 Executing VM operation: HandshakeAllThreads done
Event: 3.279 Executing VM operation: HandshakeAllThreads
Event: 3.279 Executing VM operation: HandshakeAllThreads done
Event: 3.302 Executing VM operation: HandshakeAllThreads
Event: 3.302 Executing VM operation: HandshakeAllThreads done
Event: 4.260 Executing VM operation: HandshakeAllThreads
Event: 4.260 Executing VM operation: HandshakeAllThreads done
Event: 4.260 Executing VM operation: Cleanup
Event: 4.260 Executing VM operation: Cleanup done

Events (20 events):
Event: 3.278 loading class java/lang/StringUTF16$CharsSpliterator
Event: 3.278 loading class java/lang/StringUTF16$CharsSpliterator done
Event: 3.278 loading class java/lang/CharacterData00
Event: 3.279 loading class java/lang/CharacterData00 done
Event: 3.282 loading class java/time/LocalTime$1
Event: 3.282 loading class java/time/LocalTime$1 done
Event: 3.283 loading class java/util/Formattable
Event: 3.283 loading class java/util/Formattable done
Event: 3.677 Thread 0x00000285f54610b0 Thread added: 0x00000285f54610b0
Event: 4.167 loading class java/lang/IllegalAccessError
Event: 4.167 loading class java/lang/IllegalAccessError done
Event: 4.191 loading class java/util/TimerTask
Event: 4.191 loading class java/util/TimerTask done
Event: 4.200 Thread 0x00000285f5460690 Thread added: 0x00000285f5460690
Event: 4.237 loading class java/util/concurrent/ConcurrentLinkedQueue
Event: 4.238 loading class java/util/concurrent/ConcurrentLinkedQueue done
Event: 4.240 loading class java/util/concurrent/ConcurrentLinkedQueue$Node
Event: 4.240 loading class java/util/concurrent/ConcurrentLinkedQueue$Node done
Event: 4.264 loading class java/net/UnknownServiceException
Event: 4.264 loading class java/net/UnknownServiceException done


Dynamic libraries:
0x00007ff69f8c0000 - 0x00007ff69f8ce000 	c:\Users\Juan Vargas\.vscode\extensions\redhat.java-1.25.1-win32-x64\jre\17.0.9-win32-x86_64\bin\java.exe
0x00007ffe09400000 - 0x00007ffe095ee000 	C:\Windows\SYSTEM32\ntdll.dll
0x00007ffe06a70000 - 0x00007ffe06b23000 	C:\Windows\System32\KERNEL32.DLL
0x00007ffe06040000 - 0x00007ffe062dd000 	C:\Windows\System32\KERNELBASE.dll
0x00007ffe06380000 - 0x00007ffe0647a000 	C:\Windows\System32\ucrtbase.dll
0x00007ffdb93a0000 - 0x00007ffdb93b7000 	c:\Users\Juan Vargas\.vscode\extensions\redhat.java-1.25.1-win32-x64\jre\17.0.9-win32-x86_64\bin\jli.dll
0x00007ffde1b00000 - 0x00007ffde1b1b000 	c:\Users\Juan Vargas\.vscode\extensions\redhat.java-1.25.1-win32-x64\jre\17.0.9-win32-x86_64\bin\VCRUNTIME140.dll
0x00007ffe08fd0000 - 0x00007ffe09167000 	C:\Windows\System32\USER32.dll
0x00007ffe06560000 - 0x00007ffe06580000 	C:\Windows\System32\win32u.dll
0x00007ffdf3710000 - 0x00007ffdf3989000 	C:\Windows\WinSxS\amd64_microsoft.windows.common-controls_6595b64144ccf1df_6.0.17763.5122_none_de6fbcf2534c9850\COMCTL32.dll
0x00007ffe09190000 - 0x00007ffe091b9000 	C:\Windows\System32\GDI32.dll
0x00007ffe073b0000 - 0x00007ffe0744e000 	C:\Windows\System32\msvcrt.dll
0x00007ffe05bf0000 - 0x00007ffe05d9b000 	C:\Windows\System32\gdi32full.dll
0x00007ffe062e0000 - 0x00007ffe06380000 	C:\Windows\System32\msvcp_win.dll
0x00007ffe066e0000 - 0x00007ffe06a0b000 	C:\Windows\System32\combase.dll
0x00007ffe07780000 - 0x00007ffe0789e000 	C:\Windows\System32\RPCRT4.dll
0x00007ffe05fb0000 - 0x00007ffe06032000 	C:\Windows\System32\bcryptPrimitives.dll
0x00007ffe06bd0000 - 0x00007ffe06bfe000 	C:\Windows\System32\IMM32.DLL
0x00007ffdf8250000 - 0x00007ffdf825c000 	c:\Users\Juan Vargas\.vscode\extensions\redhat.java-1.25.1-win32-x64\jre\17.0.9-win32-x86_64\bin\vcruntime140_1.dll
0x00007ffdb92e0000 - 0x00007ffdb936d000 	c:\Users\Juan Vargas\.vscode\extensions\redhat.java-1.25.1-win32-x64\jre\17.0.9-win32-x86_64\bin\msvcp140.dll
0x00007ffdb8670000 - 0x00007ffdb92d1000 	c:\Users\Juan Vargas\.vscode\extensions\redhat.java-1.25.1-win32-x64\jre\17.0.9-win32-x86_64\bin\server\jvm.dll
0x00007ffe06630000 - 0x00007ffe066d7000 	C:\Windows\System32\ADVAPI32.dll
0x00007ffe06b30000 - 0x00007ffe06bcf000 	C:\Windows\System32\sechost.dll
0x00007ffe053b0000 - 0x00007ffe0540d000 	C:\Windows\System32\POWRPROF.dll
0x00007ffdf2f90000 - 0x00007ffdf2f99000 	C:\Windows\SYSTEM32\WSOCK32.dll
0x00007ffe03280000 - 0x00007ffe032a4000 	C:\Windows\SYSTEM32\WINMM.dll
0x00007ffe00030000 - 0x00007ffe0003a000 	C:\Windows\SYSTEM32\VERSION.dll
0x00007ffe08db0000 - 0x00007ffe08e1d000 	C:\Windows\System32\WS2_32.dll
0x00007ffe03250000 - 0x00007ffe0327d000 	C:\Windows\SYSTEM32\WINMMBASE.dll
0x00007ffe064e0000 - 0x00007ffe0652a000 	C:\Windows\System32\cfgmgr32.dll
0x00007ffe05410000 - 0x00007ffe05421000 	C:\Windows\System32\kernel.appcore.dll
0x00007ffdf2f70000 - 0x00007ffdf2f7a000 	c:\Users\Juan Vargas\.vscode\extensions\redhat.java-1.25.1-win32-x64\jre\17.0.9-win32-x86_64\bin\jimage.dll
0x00007ffe03db0000 - 0x00007ffe03f9d000 	C:\Windows\SYSTEM32\DBGHELP.DLL
0x00007ffdf4900000 - 0x00007ffdf492a000 	C:\Windows\SYSTEM32\dbgcore.DLL
0x00007ffdf0080000 - 0x00007ffdf008e000 	c:\Users\Juan Vargas\.vscode\extensions\redhat.java-1.25.1-win32-x64\jre\17.0.9-win32-x86_64\bin\instrument.dll
0x00007ffdb8640000 - 0x00007ffdb8665000 	c:\Users\Juan Vargas\.vscode\extensions\redhat.java-1.25.1-win32-x64\jre\17.0.9-win32-x86_64\bin\java.dll
0x00007ffdb8620000 - 0x00007ffdb8638000 	c:\Users\Juan Vargas\.vscode\extensions\redhat.java-1.25.1-win32-x64\jre\17.0.9-win32-x86_64\bin\zip.dll
0x00007ffe078a0000 - 0x00007ffe08d98000 	C:\Windows\System32\SHELL32.dll
0x00007ffe07660000 - 0x00007ffe07707000 	C:\Windows\System32\shcore.dll
0x00007ffe05480000 - 0x00007ffe05bc7000 	C:\Windows\System32\windows.storage.dll
0x00007ffe05430000 - 0x00007ffe05453000 	C:\Windows\System32\profapi.dll
0x00007ffe07710000 - 0x00007ffe07762000 	C:\Windows\System32\shlwapi.dll
0x00007ffe05bd0000 - 0x00007ffe05beb000 	C:\Windows\System32\cryptsp.dll
0x00007ffdb83a0000 - 0x00007ffdb83b9000 	C:\Users\Juan Vargas\.vscode\extensions\redhat.java-1.25.1-win32-x64\jre\17.0.9-win32-x86_64\bin\net.dll
0x00007ffdf8260000 - 0x00007ffdf835d000 	C:\Windows\SYSTEM32\WINHTTP.dll
0x00007ffe04ba0000 - 0x00007ffe04c07000 	C:\Windows\system32\mswsock.dll
0x00007ffdb7ae0000 - 0x00007ffdb7af6000 	C:\Users\Juan Vargas\.vscode\extensions\redhat.java-1.25.1-win32-x64\jre\17.0.9-win32-x86_64\bin\nio.dll
0x00007ffdeb270000 - 0x00007ffdeb280000 	c:\Users\Juan Vargas\.vscode\extensions\redhat.java-1.25.1-win32-x64\jre\17.0.9-win32-x86_64\bin\verify.dll
0x00007ffe00900000 - 0x00007ffe0093e000 	C:\Users\Juan Vargas\AppData\Roaming\Code\User\globalStorage\redhat.java\1.25.1\config_win\org.eclipse.equinox.launcher\org.eclipse.equinox.launcher.win32.win32.x86_64_1.2.800.v20231003-1442\eclipse_11802.dll
0x00007ffe07500000 - 0x00007ffe07656000 	C:\Windows\System32\ole32.dll

dbghelp: loaded successfully - version: 4.0.5 - missing functions: none
symbol engine: initialized successfully - sym options: 0x614 - pdb path: .;c:\Users\Juan Vargas\.vscode\extensions\redhat.java-1.25.1-win32-x64\jre\17.0.9-win32-x86_64\bin;C:\Windows\SYSTEM32;C:\Windows\WinSxS\amd64_microsoft.windows.common-controls_6595b64144ccf1df_6.0.17763.5122_none_de6fbcf2534c9850;c:\Users\Juan Vargas\.vscode\extensions\redhat.java-1.25.1-win32-x64\jre\17.0.9-win32-x86_64\bin\server;C:\Users\Juan Vargas\AppData\Roaming\Code\User\globalStorage\redhat.java\1.25.1\config_win\org.eclipse.equinox.launcher\org.eclipse.equinox.launcher.win32.win32.x86_64_1.2.800.v20231003-1442

VM Arguments:
jvm_args: --add-modules=ALL-SYSTEM --add-opens=java.base/java.util=ALL-UNNAMED --add-opens=java.base/java.lang=ALL-UNNAMED --add-opens=java.base/sun.nio.fs=ALL-UNNAMED -Declipse.application=org.eclipse.jdt.ls.core.id1 -Dosgi.bundles.defaultStartLevel=4 -Declipse.product=org.eclipse.jdt.ls.core.product -Djava.import.generatesMetadataFilesAtProjectRoot=false -DDetectVMInstallationsJob.disabled=true -Dfile.encoding=utf8 -XX:+UseParallelGC -XX:GCTimeRatio=4 -XX:AdaptiveSizePolicyWeight=90 -Dsun.zip.disableMemoryMapping=true -Xmx1G -Xms100m -Xlog:disable -javaagent:c:\Users\Juan Vargas\.vscode\extensions\redhat.java-1.25.1-win32-x64\lombok\lombok-1.18.30.jar -XX:+HeapDumpOnOutOfMemoryError -XX:HeapDumpPath=c:\Users\Juan Vargas\AppData\Roaming\Code\User\workspaceStorage\9bff7dcea43d9357d7f307d8c298b8f6\redhat.java -Daether.dependencyCollector.impl=bf 
java_command: c:\Users\Juan Vargas\.vscode\extensions\redhat.java-1.25.1-win32-x64\server\plugins\org.eclipse.equinox.launcher_1.6.600.v20231106-1826.jar -configuration c:\Users\Juan Vargas\AppData\Roaming\Code\User\globalStorage\redhat.java\1.25.1\config_win -data c:\Users\Juan Vargas\AppData\Roaming\Code\User\workspaceStorage\9bff7dcea43d9357d7f307d8c298b8f6\redhat.java\jdt_ws --stdio
java_class_path (initial): c:\Users\Juan Vargas\.vscode\extensions\redhat.java-1.25.1-win32-x64\server\plugins\org.eclipse.equinox.launcher_1.6.600.v20231106-1826.jar
Launcher Type: SUN_STANDARD

[Global flags]
    uintx AdaptiveSizePolicyWeight                 = 90                                        {product} {command line}
     intx CICompilerCount                          = 4                                         {product} {ergonomic}
    uintx GCTimeRatio                              = 4                                         {product} {command line}
     bool HeapDumpOnOutOfMemoryError               = true                                   {manageable} {command line}
    ccstr HeapDumpPath                             = c:\Users\Juan Vargas\AppData\Roaming\Code\User\workspaceStorage\9bff7dcea43d9357d7f307d8c298b8f6\redhat.java         {manageable} {command line}
   size_t InitialHeapSize                          = 104857600                                 {product} {command line}
   size_t MaxHeapSize                              = 1073741824                                {product} {command line}
   size_t MaxNewSize                               = 357564416                                 {product} {ergonomic}
   size_t MinHeapDeltaBytes                        = 524288                                    {product} {ergonomic}
   size_t MinHeapSize                              = 104857600                                 {product} {command line}
   size_t NewSize                                  = 34603008                                  {product} {ergonomic}
    uintx NonNMethodCodeHeapSize                   = 5839372                                {pd product} {ergonomic}
    uintx NonProfiledCodeHeapSize                  = 122909434                              {pd product} {ergonomic}
   size_t OldSize                                  = 70254592                                  {product} {ergonomic}
    uintx ProfiledCodeHeapSize                     = 122909434                              {pd product} {ergonomic}
    uintx ReservedCodeCacheSize                    = 251658240                              {pd product} {ergonomic}
     bool SegmentedCodeCache                       = true                                      {product} {ergonomic}
   size_t SoftMaxHeapSize                          = 1073741824                             {manageable} {ergonomic}
     bool UseCompressedClassPointers               = true                           {product lp64_product} {ergonomic}
     bool UseCompressedOops                        = true                           {product lp64_product} {ergonomic}
     bool UseLargePagesIndividualAllocation        = false                                  {pd product} {ergonomic}
     bool UseParallelGC                            = true                                      {product} {command line}

Logging:
Log output configuration:
 #0: stdout all=off uptime,level,tags
 #1: stderr all=off uptime,level,tags

Environment Variables:
PATH=C:\Program Files\Common Files\Oracle\Java\javapath;C:\Program Files (x86)\Common Files\Oracle\Java\javapath;C:\Program Files\Java\jre-1.8\bin;C:\Windows\system32;C:\Windows;C:\Windows\System32\Wbem;C:\Windows\System32\WindowsPowerShell\v1.0\;C:\Windows\System32\OpenSSH\;C:\ProgramData\chocolatey\bin;C:\Program Files\Java\jdk-21\bin;C:\Program Files\Git\cmd;C:\Users\Juan Vargas\AppData\Local\Microsoft\WindowsApps;C:\Users\Juan Vargas\AppData\Local\Programs\Microsoft VS Code\bin
USERNAME=Juan Vargas
OS=Windows_NT
PROCESSOR_IDENTIFIER=AMD64 Family 23 Model 24 Stepping 1, AuthenticAMD
TMP=C:\Users\JUANVA~1\AppData\Local\Temp
TEMP=C:\Users\JUANVA~1\AppData\Local\Temp



Periodic native trim disabled


---------------  S Y S T E M  ---------------

OS:
 Windows 10 , 64 bit Build 17763 (10.0.17763.4974)
OS uptime: 0 days 4:44 hours

CPU: total 8 (initial active 8) (8 cores per cpu, 2 threads per core) family 23 model 24 stepping 1 microcode 0x0, cx8, cmov, fxsr, ht, mmx, 3dnowpref, sse, sse2, sse3, ssse3, sse4a, sse4.1, sse4.2, popcnt, lzcnt, tsc, tscinvbit, avx, avx2, aes, clmul, bmi1, bmi2, adx, sha, fma, vzeroupper, clflush, clflushopt
Processor Information for all 8 processors :
  Max Mhz: 2100, Current Mhz: 1700, Mhz Limit: 2100

Memory: 4k page, system-wide physical 3526M (263M free)
TotalPageFile size 7622M (AvailPageFile size 7M)
current process WorkingSet (physical memory assigned to process): 99M, peak: 99M
current process commit charge ("private bytes"): 216M, peak: 216M

vm_info: OpenJDK 64-Bit Server VM (17.0.9+9) for windows-amd64 JRE (17.0.9+9), built on Oct 26 2023 14:01:42 by "admin" with MS VC++ 16.10 / 16.11 (VS2019)

END.
