#
# There is insufficient memory for the Java Runtime Environment to continue.
# Native memory allocation (malloc) failed to allocate 229456 bytes for Chunk::new
# Possible reasons:
#   The system is out of physical RAM or swap space
#   The process is running with CompressedOops enabled, and the Java Heap may be blocking the growth of the native heap
# Possible solutions:
#   Reduce memory load on the system
#   Increase physical memory or swap space
#   Check if swap backing store is full
#   Decrease Java heap size (-Xmx/-Xms)
#   Decrease number of Java threads
#   Decrease Java thread stack sizes (-Xss)
#   Set larger code cache with -XX:ReservedCodeCacheSize=
#   JVM is running with Unscaled Compressed Oops mode in which the Java heap is
#     placed in the first 4GB address space. The Java Heap base address is the
#     maximum limit for the native heap growth. Please use -XX:HeapBaseMinAddress
#     to set the Java Heap base and to place the Java Heap above 4GB virtual address.
# This output file may be truncated or incomplete.
#
#  Out of Memory Error (arena.cpp:191), pid=6880, tid=9100
#
# JRE version: OpenJDK Runtime Environment Temurin-17.0.9+9 (17.0.9+9) (build 17.0.9+9)
# Java VM: OpenJDK 64-Bit Server VM Temurin-17.0.9+9 (17.0.9+9, mixed mode, tiered, compressed oops, compressed class ptrs, parallel gc, windows-amd64)
# No core dump will be written. Minidumps are not enabled by default on client versions of Windows
#

---------------  S U M M A R Y ------------

Command Line: --add-modules=ALL-SYSTEM --add-opens=java.base/java.util=ALL-UNNAMED --add-opens=java.base/java.lang=ALL-UNNAMED --add-opens=java.base/sun.nio.fs=ALL-UNNAMED -Declipse.application=org.eclipse.jdt.ls.core.id1 -Dosgi.bundles.defaultStartLevel=4 -Declipse.product=org.eclipse.jdt.ls.core.product -Djava.import.generatesMetadataFilesAtProjectRoot=false -DDetectVMInstallationsJob.disabled=true -Dfile.encoding=utf8 -XX:+UseParallelGC -XX:GCTimeRatio=4 -XX:AdaptiveSizePolicyWeight=90 -Dsun.zip.disableMemoryMapping=true -Xmx1G -Xms100m -Xlog:disable -javaagent:c:\Users\Juan Vargas\.vscode\extensions\redhat.java-1.25.1-win32-x64\lombok\lombok-1.18.30.jar -XX:+HeapDumpOnOutOfMemoryError -XX:HeapDumpPath=c:\Users\Juan Vargas\AppData\Roaming\Code\User\workspaceStorage\9bff7dcea43d9357d7f307d8c298b8f6\redhat.java -Daether.dependencyCollector.impl=bf c:\Users\Juan Vargas\.vscode\extensions\redhat.java-1.25.1-win32-x64\server\plugins\org.eclipse.equinox.launcher_1.6.600.v20231106-1826.jar -configuration c:\Users\Juan Vargas\AppData\Roaming\Code\User\globalStorage\redhat.java\1.25.1\config_win -data c:\Users\Juan Vargas\AppData\Roaming\Code\User\workspaceStorage\9bff7dcea43d9357d7f307d8c298b8f6\redhat.java\jdt_ws --stdio

Host: AMD Ryzen 5 3450U with Radeon Vega Mobile Gfx  , 8 cores, 3G,  Windows 10 , 64 bit Build 17763 (10.0.17763.4974)
Time: Tue Dec 12 21:30:47 2023 Hora est. Pacífico, Sudamérica elapsed time: 2.660257 seconds (0d 0h 0m 2s)

---------------  T H R E A D  ---------------

Current thread (0x000001eacb294ae0):  JavaThread "C2 CompilerThread0" daemon [_thread_in_native, id=9100, stack(0x0000000fd0800000,0x0000000fd0900000)]


Current CompileTask:
C2:   2660 1082       4       lombok.launch.PackageShader::apply (252 bytes)

Stack: [0x0000000fd0800000,0x0000000fd0900000]
Native frames: (J=compiled Java code, j=interpreted, Vv=VM code, C=native code)
V  [jvm.dll+0x67cf49]
V  [jvm.dll+0x83478a]
V  [jvm.dll+0x83624e]
V  [jvm.dll+0x8368b3]
V  [jvm.dll+0x247f1f]
V  [jvm.dll+0xac43c]
V  [jvm.dll+0xaca8c]
V  [jvm.dll+0x2af45f]
V  [jvm.dll+0x5853f7]
V  [jvm.dll+0x222f62]
V  [jvm.dll+0x21bc8d]
V  [jvm.dll+0x2198c1]
V  [jvm.dll+0x1a57cd]
V  [jvm.dll+0x2297ae]
V  [jvm.dll+0x22797c]
V  [jvm.dll+0x7e9877]
V  [jvm.dll+0x7e3c3a]
V  [jvm.dll+0x67be35]
C  [ucrtbase.dll+0x2268a]
C  [KERNEL32.DLL+0x17ac4]
C  [ntdll.dll+0x5a4e1]


---------------  P R O C E S S  ---------------

Threads class SMR info:
_java_thread_list=0x000001eacb5ca410, length=12, elements={
0x000001eab01d4e30, 0x000001eac5fb1520, 0x000001eac5fb49f0, 0x000001eac5fbea10,
0x000001eacb2898c0, 0x000001eacb28ab60, 0x000001eacb293980, 0x000001eacb294ae0,
0x000001eacb296820, 0x000001eacb2a1550, 0x000001eacb412470, 0x000001eacc22c000
}

Java Threads: ( => current thread )
  0x000001eab01d4e30 JavaThread "main" [_thread_in_vm, id=8428, stack(0x0000000fcfe00000,0x0000000fcff00000)]
  0x000001eac5fb1520 JavaThread "Reference Handler" daemon [_thread_blocked, id=5772, stack(0x0000000fd0100000,0x0000000fd0200000)]
  0x000001eac5fb49f0 JavaThread "Finalizer" daemon [_thread_blocked, id=10468, stack(0x0000000fd0200000,0x0000000fd0300000)]
  0x000001eac5fbea10 JavaThread "Signal Dispatcher" daemon [_thread_blocked, id=4780, stack(0x0000000fd0400000,0x0000000fd0500000)]
  0x000001eacb2898c0 JavaThread "Attach Listener" daemon [_thread_blocked, id=9440, stack(0x0000000fd0500000,0x0000000fd0600000)]
  0x000001eacb28ab60 JavaThread "Service Thread" daemon [_thread_blocked, id=10460, stack(0x0000000fd0600000,0x0000000fd0700000)]
  0x000001eacb293980 JavaThread "Monitor Deflation Thread" daemon [_thread_blocked, id=140, stack(0x0000000fd0700000,0x0000000fd0800000)]
=>0x000001eacb294ae0 JavaThread "C2 CompilerThread0" daemon [_thread_in_native, id=9100, stack(0x0000000fd0800000,0x0000000fd0900000)]
  0x000001eacb296820 JavaThread "C1 CompilerThread0" daemon [_thread_blocked, id=2736, stack(0x0000000fd0900000,0x0000000fd0a00000)]
  0x000001eacb2a1550 JavaThread "Sweeper thread" daemon [_thread_blocked, id=5980, stack(0x0000000fd0a00000,0x0000000fd0b00000)]
  0x000001eacb412470 JavaThread "Common-Cleaner" daemon [_thread_blocked, id=9808, stack(0x0000000fd0b00000,0x0000000fd0c00000)]
  0x000001eacc22c000 JavaThread "Notification Thread" daemon [_thread_blocked, id=6456, stack(0x0000000fd0c00000,0x0000000fd0d00000)]

Other Threads:
  0x000001eacb240cf0 VMThread "VM Thread" [stack: 0x0000000fd0000000,0x0000000fd0100000] [id=9712]
  0x000001eacc29c5a0 WatcherThread [stack: 0x0000000fd0d00000,0x0000000fd0e00000] [id=5984]
  0x000001eab01e2a10 GCTaskThread "GC Thread#0" [stack: 0x0000000fcff00000,0x0000000fd0000000] [id=6396]
  0x000001eacc382170 GCTaskThread "GC Thread#1" [stack: 0x0000000fd0e00000,0x0000000fd0f00000] [id=3968]
  0x000001eacc386d80 GCTaskThread "GC Thread#2" [stack: 0x0000000fd0f00000,0x0000000fd1000000] [id=2640]
  0x000001eacc305950 GCTaskThread "GC Thread#3" [stack: 0x0000000fd1000000,0x0000000fd1100000] [id=10184]
  0x000001eacc305c10 GCTaskThread "GC Thread#4" [stack: 0x0000000fd1100000,0x0000000fd1200000] [id=3712]
  0x000001eacc305ed0 GCTaskThread "GC Thread#5" [stack: 0x0000000fd1200000,0x0000000fd1300000] [id=3444]
  0x000001eacc306190 GCTaskThread "GC Thread#6" [stack: 0x0000000fd1300000,0x0000000fd1400000] [id=4048]

Threads with active compile tasks:
C2 CompilerThread0     2703 1082       4       lombok.launch.PackageShader::apply (252 bytes)

VM state: not at safepoint (normal execution)

VM Mutex/Monitor currently owned by a thread: None

Heap address: 0x00000000c0000000, size: 1024 MB, Compressed Oops mode: 32-bit

CDS archive(s) not mapped
Compressed class space mapped at: 0x0000000100000000-0x0000000140000000, reserved size: 1073741824
Narrow klass base: 0x0000000000000000, Narrow klass shift: 3, Narrow klass range: 0x140000000

GC Precious Log:
 CPUs: 8 total, 8 available
 Memory: 3526M
 Large Page Support: Disabled
 NUMA Support: Disabled
 Compressed Oops: Enabled (32-bit)
 Alignments: Space 512K, Generation 512K, Heap 2M
 Heap Min Capacity: 100M
 Heap Initial Capacity: 100M
 Heap Max Capacity: 1G
 Pre-touch: Disabled
 Parallel Workers: 8

Heap:
 PSYoungGen      total 29696K, used 10291K [0x00000000eab00000, 0x00000000ecc00000, 0x0000000100000000)
  eden space 25600K, 27% used [0x00000000eab00000,0x00000000eb1f4108,0x00000000ec400000)
  from space 4096K, 77% used [0x00000000ec400000,0x00000000ec718c28,0x00000000ec800000)
  to   space 4096K, 0% used [0x00000000ec800000,0x00000000ec800000,0x00000000ecc00000)
 ParOldGen       total 68608K, used 0K [0x00000000c0000000, 0x00000000c4300000, 0x00000000eab00000)
  object space 68608K, 0% used [0x00000000c0000000,0x00000000c0000000,0x00000000c4300000)
 Metaspace       used 12088K, committed 12224K, reserved 1114112K
  class space    used 1186K, committed 1280K, reserved 1048576K

Card table byte_map: [0x000001eac3850000,0x000001eac3a60000] _byte_map_base: 0x000001eac3250000

Marking Bits: (ParMarkBitMap*) 0x00007ffdb920d0b0
 Begin Bits: [0x000001eac3bc0000, 0x000001eac4bc0000)
 End Bits:   [0x000001eac4bc0000, 0x000001eac5bc0000)

Polling page: 0x000001eab0010000

Metaspace:

Usage:
  Non-class:     10.65 MB used.
      Class:      1.16 MB used.
       Both:     11.81 MB used.

Virtual space:
  Non-class space:       64.00 MB reserved,      10.69 MB ( 17%) committed,  1 nodes.
      Class space:        1.00 GB reserved,       1.25 MB ( <1%) committed,  1 nodes.
             Both:        1.06 GB reserved,      11.94 MB (  1%) committed. 

Chunk freelists:
   Non-Class:  4.44 MB
       Class:  14.61 MB
        Both:  19.05 MB

MaxMetaspaceSize: unlimited
CompressedClassSpaceSize: 1.00 GB
Initial GC threshold: 21.00 MB
Current GC threshold: 21.00 MB
CDS: off
MetaspaceReclaimPolicy: balanced
 - commit_granule_bytes: 65536.
 - commit_granule_words: 8192.
 - virtual_space_node_default_size: 8388608.
 - enlarge_chunks_in_place: 1.
 - new_chunks_are_fully_committed: 0.
 - uncommit_free_chunks: 1.
 - use_allocation_guard: 0.
 - handle_deallocations: 1.


Internal statistics:

num_allocs_failed_limit: 0.
num_arena_births: 30.
num_arena_deaths: 0.
num_vsnodes_births: 2.
num_vsnodes_deaths: 0.
num_space_committed: 191.
num_space_uncommitted: 0.
num_chunks_returned_to_freelist: 0.
num_chunks_taken_from_freelist: 135.
num_chunk_merges: 0.
num_chunk_splits: 93.
num_chunks_enlarged: 81.
num_inconsistent_stats: 0.

CodeHeap 'non-profiled nmethods': size=120000Kb used=409Kb max_used=409Kb free=119591Kb
 bounds [0x000001eabc140000, 0x000001eabc3b0000, 0x000001eac3670000]
CodeHeap 'profiled nmethods': size=120000Kb used=1995Kb max_used=1995Kb free=118004Kb
 bounds [0x000001eab4670000, 0x000001eab48e0000, 0x000001eabbba0000]
CodeHeap 'non-nmethods': size=5760Kb used=1146Kb max_used=1166Kb free=4614Kb
 bounds [0x000001eabbba0000, 0x000001eabbe10000, 0x000001eabc140000]
 total_blobs=1528 nmethods=1090 adapters=353
 compilation: enabled
              stopped_count=0, restarted_count=0
 full_count=0

Compilation events (20 events):
Event: 2.608 Thread 0x000001eacb294ae0 1060       4       java.util.ArrayList::get (15 bytes)
Event: 2.609 Thread 0x000001eacb294ae0 nmethod 1060 0x000001eabc1a3a90 code [0x000001eabc1a3c00, 0x000001eabc1a3cf8]
Event: 2.609 Thread 0x000001eacb294ae0 1062       4       org.eclipse.osgi.container.ModuleDatabase$Persistence::readString0 (98 bytes)
Event: 2.612 Thread 0x000001eacb296820 1075       3       java.util.WeakHashMap::matchesKey (33 bytes)
Event: 2.613 Thread 0x000001eacb296820 nmethod 1075 0x000001eab4853210 code [0x000001eab48533e0, 0x000001eab48538d8]
Event: 2.622 Thread 0x000001eacb296820 1076       3       java.nio.Buffer::<init> (105 bytes)
Event: 2.623 Thread 0x000001eacb296820 nmethod 1076 0x000001eab4853a90 code [0x000001eab4853d40, 0x000001eab4854858]
Event: 2.626 Thread 0x000001eacb296820 1077   !   3       java.net.URL::set (114 bytes)
Event: 2.627 Thread 0x000001eacb296820 nmethod 1077 0x000001eab4854c90 code [0x000001eab4854ec0, 0x000001eab48556f8]
Event: 2.628 Thread 0x000001eacb296820 1078       3       java.lang.ClassLoader::defineClass (43 bytes)
Event: 2.628 Thread 0x000001eacb296820 nmethod 1078 0x000001eab4855a90 code [0x000001eab4855c80, 0x000001eab4856178]
Event: 2.628 Thread 0x000001eacb296820 1079       3       java.lang.ClassLoader::preDefineClass (118 bytes)
Event: 2.631 Thread 0x000001eacb296820 nmethod 1079 0x000001eab4856410 code [0x000001eab4856780, 0x000001eab4857a38]
Event: 2.632 Thread 0x000001eacb294ae0 nmethod 1062 0x000001eabc1a3e10 code [0x000001eabc1a4020, 0x000001eabc1a4eb0]
Event: 2.632 Thread 0x000001eacb294ae0 1042       4       java.util.ArrayList::add (25 bytes)
Event: 2.634 Thread 0x000001eacb296820 1081       3       java.lang.ClassLoader::getNamedPackage (73 bytes)
Event: 2.635 Thread 0x000001eacb296820 nmethod 1081 0x000001eab4858110 code [0x000001eab4858300, 0x000001eab4858848]
Event: 2.644 Thread 0x000001eacb294ae0 nmethod 1042 0x000001eabc1a5790 code [0x000001eabc1a5920, 0x000001eabc1a5e98]
Event: 2.644 Thread 0x000001eacb294ae0 1082       4       lombok.launch.PackageShader::apply (252 bytes)
Event: 2.652 Thread 0x000001eacb296820 1083       3       sun.net.util.URLUtil::urlNoFragString (114 bytes)

GC Heap History (2 events):
Event: 2.220 GC heap before
{Heap before GC invocations=1 (full 0):
 PSYoungGen      total 29696K, used 25600K [0x00000000eab00000, 0x00000000ecc00000, 0x0000000100000000)
  eden space 25600K, 100% used [0x00000000eab00000,0x00000000ec400000,0x00000000ec400000)
  from space 4096K, 0% used [0x00000000ec800000,0x00000000ec800000,0x00000000ecc00000)
  to   space 4096K, 0% used [0x00000000ec400000,0x00000000ec400000,0x00000000ec800000)
 ParOldGen       total 68608K, used 0K [0x00000000c0000000, 0x00000000c4300000, 0x00000000eab00000)
  object space 68608K, 0% used [0x00000000c0000000,0x00000000c0000000,0x00000000c4300000)
 Metaspace       used 11016K, committed 11200K, reserved 1114112K
  class space    used 1099K, committed 1216K, reserved 1048576K
}
Event: 2.240 GC heap after
{Heap after GC invocations=1 (full 0):
 PSYoungGen      total 29696K, used 3171K [0x00000000eab00000, 0x00000000ecc00000, 0x0000000100000000)
  eden space 25600K, 0% used [0x00000000eab00000,0x00000000eab00000,0x00000000ec400000)
  from space 4096K, 77% used [0x00000000ec400000,0x00000000ec718c28,0x00000000ec800000)
  to   space 4096K, 0% used [0x00000000ec800000,0x00000000ec800000,0x00000000ecc00000)
 ParOldGen       total 68608K, used 0K [0x00000000c0000000, 0x00000000c4300000, 0x00000000eab00000)
  object space 68608K, 0% used [0x00000000c0000000,0x00000000c0000000,0x00000000c4300000)
 Metaspace       used 11016K, committed 11200K, reserved 1114112K
  class space    used 1099K, committed 1216K, reserved 1048576K
}

Dll operation events (8 events):
Event: 0.026 Loaded shared library c:\Users\Juan Vargas\.vscode\extensions\redhat.java-1.25.1-win32-x64\jre\17.0.9-win32-x86_64\bin\java.dll
Event: 0.363 Loaded shared library c:\Users\Juan Vargas\.vscode\extensions\redhat.java-1.25.1-win32-x64\jre\17.0.9-win32-x86_64\bin\zip.dll
Event: 0.371 Loaded shared library C:\Users\Juan Vargas\.vscode\extensions\redhat.java-1.25.1-win32-x64\jre\17.0.9-win32-x86_64\bin\instrument.dll
Event: 0.406 Loaded shared library C:\Users\Juan Vargas\.vscode\extensions\redhat.java-1.25.1-win32-x64\jre\17.0.9-win32-x86_64\bin\net.dll
Event: 0.412 Loaded shared library C:\Users\Juan Vargas\.vscode\extensions\redhat.java-1.25.1-win32-x64\jre\17.0.9-win32-x86_64\bin\nio.dll
Event: 0.430 Loaded shared library C:\Users\Juan Vargas\.vscode\extensions\redhat.java-1.25.1-win32-x64\jre\17.0.9-win32-x86_64\bin\zip.dll
Event: 0.498 Loaded shared library C:\Users\Juan Vargas\.vscode\extensions\redhat.java-1.25.1-win32-x64\jre\17.0.9-win32-x86_64\bin\jimage.dll
Event: 0.705 Loaded shared library c:\Users\Juan Vargas\.vscode\extensions\redhat.java-1.25.1-win32-x64\jre\17.0.9-win32-x86_64\bin\verify.dll

Deoptimization events (20 events):
Event: 2.059 Thread 0x000001eab01d4e30 DEOPT PACKING pc=0x000001eabc17e790 sp=0x0000000fcfefe200
Event: 2.059 Thread 0x000001eab01d4e30 DEOPT UNPACKING pc=0x000001eabbbf66a3 sp=0x0000000fcfefe148 mode 2
Event: 2.559 Thread 0x000001eab01d4e30 Uncommon trap: trap_request=0xffffff45 fr.pc=0x000001eabc1740c8 relative=0x0000000000000da8
Event: 2.559 Thread 0x000001eab01d4e30 Uncommon trap: reason=unstable_if action=reinterpret pc=0x000001eabc1740c8 method=lombok.patcher.PatchScript.classMatches(Ljava/lang/String;Ljava/util/Collection;)Z @ 25 c2
Event: 2.559 Thread 0x000001eab01d4e30 DEOPT PACKING pc=0x000001eabc1740c8 sp=0x0000000fcfef83c0
Event: 2.559 Thread 0x000001eab01d4e30 DEOPT UNPACKING pc=0x000001eabbbf66a3 sp=0x0000000fcfef8380 mode 2
Event: 2.559 Thread 0x000001eab01d4e30 Uncommon trap: trap_request=0xffffff45 fr.pc=0x000001eabc171014 relative=0x0000000000000074
Event: 2.559 Thread 0x000001eab01d4e30 Uncommon trap: reason=unstable_if action=reinterpret pc=0x000001eabc171014 method=lombok.patcher.scripts.MethodLevelPatchScript.patch(Ljava/lang/String;[BLlombok/patcher/TransplantMapper;)[B @ 8 c2
Event: 2.559 Thread 0x000001eab01d4e30 DEOPT PACKING pc=0x000001eabc171014 sp=0x0000000fcfef8430
Event: 2.562 Thread 0x000001eab01d4e30 DEOPT UNPACKING pc=0x000001eabbbf66a3 sp=0x0000000fcfef83c0 mode 2
Event: 2.563 Thread 0x000001eab01d4e30 Uncommon trap: trap_request=0xffffff45 fr.pc=0x000001eabc19ade8 relative=0x0000000000000448
Event: 2.563 Thread 0x000001eab01d4e30 Uncommon trap: reason=unstable_if action=reinterpret pc=0x000001eabc19ade8 method=java.lang.String.<init>([BIILjava/nio/charset/Charset;)V @ 47 c2
Event: 2.563 Thread 0x000001eab01d4e30 DEOPT PACKING pc=0x000001eabc19ade8 sp=0x0000000fcfef77b0
Event: 2.563 Thread 0x000001eab01d4e30 DEOPT UNPACKING pc=0x000001eabbbf66a3 sp=0x0000000fcfef7768 mode 2
Event: 2.576 Thread 0x000001eab01d4e30 DEOPT PACKING pc=0x000001eab46e2245 sp=0x0000000fcfef7880
Event: 2.576 Thread 0x000001eab01d4e30 DEOPT UNPACKING pc=0x000001eabbbf6e43 sp=0x0000000fcfef6d30 mode 0
Event: 2.638 Thread 0x000001eab01d4e30 DEOPT PACKING pc=0x000001eab46e2245 sp=0x0000000fcfef3c60
Event: 2.638 Thread 0x000001eab01d4e30 DEOPT UNPACKING pc=0x000001eabbbf6e43 sp=0x0000000fcfef3110 mode 0
Event: 2.653 Thread 0x000001eab01d4e30 DEOPT PACKING pc=0x000001eab46e2245 sp=0x0000000fcfef3c60
Event: 2.653 Thread 0x000001eab01d4e30 DEOPT UNPACKING pc=0x000001eabbbf6e43 sp=0x0000000fcfef3110 mode 0

Classes unloaded (0 events):
No events

Classes redefined (0 events):
No events

Internal exceptions (20 events):
Event: 0.310 Thread 0x000001eab01d4e30 Exception <a 'java/lang/NoSuchMethodError'{0x00000000eacb2660}: 'void java.lang.invoke.DirectMethodHandle$Holder.invokeStatic(java.lang.Object, java.lang.Object, java.lang.Object)'> (0x00000000eacb2660) 
thrown [s\src\hotspot\share\interpreter\linkResolver.cpp, line 759]
Event: 0.798 Thread 0x000001eab01d4e30 Exception <a 'java/lang/reflect/InvocationTargetException'{0x00000000eafd30b0}> (0x00000000eafd30b0) 
thrown [s\src\hotspot\share\runtime\reflection.cpp, line 1121]
Event: 1.440 Thread 0x000001eab01d4e30 Exception <a 'java/lang/ClassNotFoundException'{0x00000000eb86f808}: sun/net/www/protocol/c/Handler> (0x00000000eb86f808) 
thrown [s\src\hotspot\share\classfile\systemDictionary.cpp, line 256]
Event: 1.519 Thread 0x000001eab01d4e30 Exception <a 'java/io/FileNotFoundException'{0x00000000eb88a8e8}> (0x00000000eb88a8e8) 
thrown [s\src\hotspot\share\prims\jni.cpp, line 516]
Event: 1.520 Thread 0x000001eab01d4e30 Exception <a 'java/io/FileNotFoundException'{0x00000000eb88b678}> (0x00000000eb88b678) 
thrown [s\src\hotspot\share\prims\jni.cpp, line 516]
Event: 1.521 Thread 0x000001eab01d4e30 Exception <a 'java/io/FileNotFoundException'{0x00000000eb88c3e0}> (0x00000000eb88c3e0) 
thrown [s\src\hotspot\share\prims\jni.cpp, line 516]
Event: 1.522 Thread 0x000001eab01d4e30 Exception <a 'java/io/FileNotFoundException'{0x00000000eb88d120}> (0x00000000eb88d120) 
thrown [s\src\hotspot\share\prims\jni.cpp, line 516]
Event: 1.531 Thread 0x000001eab01d4e30 Implicit null exception at 0x000001eabc1642f2 to 0x000001eabc164810
Event: 1.538 Thread 0x000001eab01d4e30 Exception <a 'java/io/FileNotFoundException'{0x00000000eb8c6020}> (0x00000000eb8c6020) 
thrown [s\src\hotspot\share\prims\jni.cpp, line 516]
Event: 1.948 Thread 0x000001eab01d4e30 Exception <a 'java/lang/ClassNotFoundException'{0x00000000ec0c7df8}: sun/net/www/protocol/c/Handler> (0x00000000ec0c7df8) 
thrown [s\src\hotspot\share\classfile\systemDictionary.cpp, line 256]
Event: 1.949 Thread 0x000001eab01d4e30 Exception <a 'java/lang/ClassNotFoundException'{0x00000000ec0c91a8}: sun/net/www/protocol/c/Handler> (0x00000000ec0c91a8) 
thrown [s\src\hotspot\share\classfile\systemDictionary.cpp, line 256]
Event: 1.949 Thread 0x000001eab01d4e30 Exception <a 'java/lang/ClassNotFoundException'{0x00000000ec0ca398}: sun/net/www/protocol/c/Handler> (0x00000000ec0ca398) 
thrown [s\src\hotspot\share\classfile\systemDictionary.cpp, line 256]
Event: 1.967 Thread 0x000001eab01d4e30 Exception <a 'java/io/FileNotFoundException'{0x00000000ec0f12e0}> (0x00000000ec0f12e0) 
thrown [s\src\hotspot\share\prims\jni.cpp, line 516]
Event: 2.190 Thread 0x000001eab01d4e30 Exception <a 'java/lang/NoSuchMethodError'{0x00000000ec3c1d20}: 'int java.lang.invoke.DirectMethodHandle$Holder.invokeStaticInit(java.lang.Object, java.lang.Object, java.lang.Object, java.lang.Object)'> (0x00000000ec3c1d20) 
thrown [s\src\hotspot\share\interpreter\linkResolver.cpp, line 759]
Event: 2.195 Thread 0x000001eab01d4e30 Exception <a 'java/lang/NoSuchMethodError'{0x00000000ec3cc390}: 'java.lang.Object java.lang.invoke.DirectMethodHandle$Holder.invokeInterface(java.lang.Object, java.lang.Object)'> (0x00000000ec3cc390) 
thrown [s\src\hotspot\share\interpreter\linkResolver.cpp, line 759]
Event: 2.197 Thread 0x000001eab01d4e30 Exception <a 'java/lang/IncompatibleClassChangeError'{0x00000000ec3cfb88}: Found class java.lang.Object, but interface was expected> (0x00000000ec3cfb88) 
thrown [s\src\hotspot\share\interpreter\linkResolver.cpp, line 826]
Event: 2.199 Thread 0x000001eab01d4e30 Exception <a 'java/lang/NoSuchMethodError'{0x00000000ec3d4080}: 'void java.lang.invoke.DirectMethodHandle$Holder.invokeStatic(java.lang.Object, java.lang.Object)'> (0x00000000ec3d4080) 
thrown [s\src\hotspot\share\interpreter\linkResolver.cpp, line 759]
Event: 2.200 Thread 0x000001eab01d4e30 Exception <a 'java/lang/NoSuchMethodError'{0x00000000ec3d7880}: 'void java.lang.invoke.DirectMethodHandle$Holder.invokeStaticInit(java.lang.Object, java.lang.Object)'> (0x00000000ec3d7880) 
thrown [s\src\hotspot\share\interpreter\linkResolver.cpp, line 759]
Event: 2.205 Thread 0x000001eab01d4e30 Exception <a 'java/lang/NoSuchMethodError'{0x00000000ec3decb8}: 'int java.lang.invoke.DirectMethodHandle$Holder.invokeStaticInit(java.lang.Object, java.lang.Object)'> (0x00000000ec3decb8) 
thrown [s\src\hotspot\share\interpreter\linkResolver.cpp, line 759]
Event: 2.377 Thread 0x000001eab01d4e30 Exception <a 'java/lang/NoSuchMethodError'{0x00000000eac66980}: 'void java.lang.invoke.DirectMethodHandle$Holder.invokeSpecial(java.lang.Object, java.lang.Object, java.lang.Object)'> (0x00000000eac66980) 
thrown [s\src\hotspot\share\interpreter\linkResolver.cpp, line 759]

VM Operations (12 events):
Event: 0.322 Executing VM operation: HandshakeAllThreads
Event: 0.322 Executing VM operation: HandshakeAllThreads done
Event: 0.558 Executing VM operation: HandshakeAllThreads
Event: 0.558 Executing VM operation: HandshakeAllThreads done
Event: 1.386 Executing VM operation: HandshakeAllThreads
Event: 1.386 Executing VM operation: HandshakeAllThreads done
Event: 1.386 Executing VM operation: Cleanup
Event: 1.387 Executing VM operation: Cleanup done
Event: 1.420 Executing VM operation: HandshakeAllThreads
Event: 1.420 Executing VM operation: HandshakeAllThreads done
Event: 2.220 Executing VM operation: ParallelGCFailedAllocation
Event: 2.240 Executing VM operation: ParallelGCFailedAllocation done

Events (20 events):
Event: 2.436 loading class java/util/concurrent/SynchronousQueue$TransferStack
Event: 2.436 loading class java/util/concurrent/SynchronousQueue$Transferer
Event: 2.436 loading class java/util/concurrent/SynchronousQueue$Transferer done
Event: 2.436 loading class java/util/concurrent/SynchronousQueue$TransferStack done
Event: 2.437 loading class java/util/concurrent/SynchronousQueue$TransferStack$SNode
Event: 2.437 loading class java/util/concurrent/ForkJoinPool$ManagedBlocker
Event: 2.437 loading class java/util/concurrent/ForkJoinPool$ManagedBlocker done
Event: 2.437 loading class java/util/concurrent/SynchronousQueue$TransferStack$SNode done
Event: 2.438 loading class java/util/concurrent/RejectedExecutionHandler
Event: 2.438 loading class java/util/concurrent/RejectedExecutionHandler done
Event: 2.439 loading class java/util/concurrent/LinkedBlockingQueue
Event: 2.439 loading class java/util/concurrent/LinkedBlockingQueue done
Event: 2.440 loading class java/util/concurrent/LinkedBlockingQueue$Node
Event: 2.440 loading class java/util/concurrent/LinkedBlockingQueue$Node done
Event: 2.469 loading class java/util/concurrent/Semaphore$NonfairSync
Event: 2.469 loading class java/util/concurrent/Semaphore$Sync
Event: 2.469 loading class java/util/concurrent/Semaphore$Sync done
Event: 2.469 loading class java/util/concurrent/Semaphore$NonfairSync done
Event: 2.612 loading class java/lang/TypeNotPresentException
Event: 2.613 loading class java/lang/TypeNotPresentException done


Dynamic libraries:
0x00007ff69f8c0000 - 0x00007ff69f8ce000 	c:\Users\Juan Vargas\.vscode\extensions\redhat.java-1.25.1-win32-x64\jre\17.0.9-win32-x86_64\bin\java.exe
0x00007ffe09400000 - 0x00007ffe095ee000 	C:\Windows\SYSTEM32\ntdll.dll
0x00007ffe06a70000 - 0x00007ffe06b23000 	C:\Windows\System32\KERNEL32.DLL
0x00007ffe06040000 - 0x00007ffe062dd000 	C:\Windows\System32\KERNELBASE.dll
0x00007ffe06380000 - 0x00007ffe0647a000 	C:\Windows\System32\ucrtbase.dll
0x00007ffdb93a0000 - 0x00007ffdb93b7000 	c:\Users\Juan Vargas\.vscode\extensions\redhat.java-1.25.1-win32-x64\jre\17.0.9-win32-x86_64\bin\jli.dll
0x00007ffe08fd0000 - 0x00007ffe09167000 	C:\Windows\System32\USER32.dll
0x00007ffe06560000 - 0x00007ffe06580000 	C:\Windows\System32\win32u.dll
0x00007ffe09190000 - 0x00007ffe091b9000 	C:\Windows\System32\GDI32.dll
0x00007ffe05bf0000 - 0x00007ffe05d9b000 	C:\Windows\System32\gdi32full.dll
0x00007ffe062e0000 - 0x00007ffe06380000 	C:\Windows\System32\msvcp_win.dll
0x00007ffde1b00000 - 0x00007ffde1b1b000 	c:\Users\Juan Vargas\.vscode\extensions\redhat.java-1.25.1-win32-x64\jre\17.0.9-win32-x86_64\bin\VCRUNTIME140.dll
0x00007ffdf3710000 - 0x00007ffdf3989000 	C:\Windows\WinSxS\amd64_microsoft.windows.common-controls_6595b64144ccf1df_6.0.17763.5122_none_de6fbcf2534c9850\COMCTL32.dll
0x00007ffe073b0000 - 0x00007ffe0744e000 	C:\Windows\System32\msvcrt.dll
0x00007ffe066e0000 - 0x00007ffe06a0b000 	C:\Windows\System32\combase.dll
0x00007ffe07780000 - 0x00007ffe0789e000 	C:\Windows\System32\RPCRT4.dll
0x00007ffe05fb0000 - 0x00007ffe06032000 	C:\Windows\System32\bcryptPrimitives.dll
0x00007ffe06bd0000 - 0x00007ffe06bfe000 	C:\Windows\System32\IMM32.DLL
0x00007ffdf8250000 - 0x00007ffdf825c000 	c:\Users\Juan Vargas\.vscode\extensions\redhat.java-1.25.1-win32-x64\jre\17.0.9-win32-x86_64\bin\vcruntime140_1.dll
0x00007ffdb92e0000 - 0x00007ffdb936d000 	c:\Users\Juan Vargas\.vscode\extensions\redhat.java-1.25.1-win32-x64\jre\17.0.9-win32-x86_64\bin\msvcp140.dll
0x00007ffdb8670000 - 0x00007ffdb92d1000 	c:\Users\Juan Vargas\.vscode\extensions\redhat.java-1.25.1-win32-x64\jre\17.0.9-win32-x86_64\bin\server\jvm.dll
0x00007ffe06630000 - 0x00007ffe066d7000 	C:\Windows\System32\ADVAPI32.dll
0x00007ffe06b30000 - 0x00007ffe06bcf000 	C:\Windows\System32\sechost.dll
0x00007ffe053b0000 - 0x00007ffe0540d000 	C:\Windows\System32\POWRPROF.dll
0x00007ffdf2f90000 - 0x00007ffdf2f99000 	C:\Windows\SYSTEM32\WSOCK32.dll
0x00007ffe08db0000 - 0x00007ffe08e1d000 	C:\Windows\System32\WS2_32.dll
0x00007ffe03280000 - 0x00007ffe032a4000 	C:\Windows\SYSTEM32\WINMM.dll
0x00007ffe00030000 - 0x00007ffe0003a000 	C:\Windows\SYSTEM32\VERSION.dll
0x00007ffe03250000 - 0x00007ffe0327d000 	C:\Windows\SYSTEM32\WINMMBASE.dll
0x00007ffe064e0000 - 0x00007ffe0652a000 	C:\Windows\System32\cfgmgr32.dll
0x00007ffe05410000 - 0x00007ffe05421000 	C:\Windows\System32\kernel.appcore.dll
0x00007ffdf2f70000 - 0x00007ffdf2f7a000 	c:\Users\Juan Vargas\.vscode\extensions\redhat.java-1.25.1-win32-x64\jre\17.0.9-win32-x86_64\bin\jimage.dll
0x00007ffe03db0000 - 0x00007ffe03f9d000 	C:\Windows\SYSTEM32\DBGHELP.DLL
0x00007ffdf4900000 - 0x00007ffdf492a000 	C:\Windows\SYSTEM32\dbgcore.DLL
0x00007ffdf0080000 - 0x00007ffdf008e000 	c:\Users\Juan Vargas\.vscode\extensions\redhat.java-1.25.1-win32-x64\jre\17.0.9-win32-x86_64\bin\instrument.dll
0x00007ffdb8640000 - 0x00007ffdb8665000 	c:\Users\Juan Vargas\.vscode\extensions\redhat.java-1.25.1-win32-x64\jre\17.0.9-win32-x86_64\bin\java.dll
0x00007ffdb8620000 - 0x00007ffdb8638000 	c:\Users\Juan Vargas\.vscode\extensions\redhat.java-1.25.1-win32-x64\jre\17.0.9-win32-x86_64\bin\zip.dll
0x00007ffe078a0000 - 0x00007ffe08d98000 	C:\Windows\System32\SHELL32.dll
0x00007ffe07660000 - 0x00007ffe07707000 	C:\Windows\System32\shcore.dll
0x00007ffe05480000 - 0x00007ffe05bc7000 	C:\Windows\System32\windows.storage.dll
0x00007ffe05430000 - 0x00007ffe05453000 	C:\Windows\System32\profapi.dll
0x00007ffe07710000 - 0x00007ffe07762000 	C:\Windows\System32\shlwapi.dll
0x00007ffe05bd0000 - 0x00007ffe05beb000 	C:\Windows\System32\cryptsp.dll
0x00007ffdb83a0000 - 0x00007ffdb83b9000 	C:\Users\Juan Vargas\.vscode\extensions\redhat.java-1.25.1-win32-x64\jre\17.0.9-win32-x86_64\bin\net.dll
0x00007ffdf8260000 - 0x00007ffdf835d000 	C:\Windows\SYSTEM32\WINHTTP.dll
0x00007ffe04ba0000 - 0x00007ffe04c07000 	C:\Windows\system32\mswsock.dll
0x00007ffdb7ae0000 - 0x00007ffdb7af6000 	C:\Users\Juan Vargas\.vscode\extensions\redhat.java-1.25.1-win32-x64\jre\17.0.9-win32-x86_64\bin\nio.dll
0x00007ffdeb270000 - 0x00007ffdeb280000 	c:\Users\Juan Vargas\.vscode\extensions\redhat.java-1.25.1-win32-x64\jre\17.0.9-win32-x86_64\bin\verify.dll

dbghelp: loaded successfully - version: 4.0.5 - missing functions: none
symbol engine: initialized successfully - sym options: 0x614 - pdb path: .;c:\Users\Juan Vargas\.vscode\extensions\redhat.java-1.25.1-win32-x64\jre\17.0.9-win32-x86_64\bin;C:\Windows\SYSTEM32;C:\Windows\WinSxS\amd64_microsoft.windows.common-controls_6595b64144ccf1df_6.0.17763.5122_none_de6fbcf2534c9850;c:\Users\Juan Vargas\.vscode\extensions\redhat.java-1.25.1-win32-x64\jre\17.0.9-win32-x86_64\bin\server

VM Arguments:
jvm_args: --add-modules=ALL-SYSTEM --add-opens=java.base/java.util=ALL-UNNAMED --add-opens=java.base/java.lang=ALL-UNNAMED --add-opens=java.base/sun.nio.fs=ALL-UNNAMED -Declipse.application=org.eclipse.jdt.ls.core.id1 -Dosgi.bundles.defaultStartLevel=4 -Declipse.product=org.eclipse.jdt.ls.core.product -Djava.import.generatesMetadataFilesAtProjectRoot=false -DDetectVMInstallationsJob.disabled=true -Dfile.encoding=utf8 -XX:+UseParallelGC -XX:GCTimeRatio=4 -XX:AdaptiveSizePolicyWeight=90 -Dsun.zip.disableMemoryMapping=true -Xmx1G -Xms100m -Xlog:disable -javaagent:c:\Users\Juan Vargas\.vscode\extensions\redhat.java-1.25.1-win32-x64\lombok\lombok-1.18.30.jar -XX:+HeapDumpOnOutOfMemoryError -XX:HeapDumpPath=c:\Users\Juan Vargas\AppData\Roaming\Code\User\workspaceStorage\9bff7dcea43d9357d7f307d8c298b8f6\redhat.java -Daether.dependencyCollector.impl=bf 
java_command: c:\Users\Juan Vargas\.vscode\extensions\redhat.java-1.25.1-win32-x64\server\plugins\org.eclipse.equinox.launcher_1.6.600.v20231106-1826.jar -configuration c:\Users\Juan Vargas\AppData\Roaming\Code\User\globalStorage\redhat.java\1.25.1\config_win -data c:\Users\Juan Vargas\AppData\Roaming\Code\User\workspaceStorage\9bff7dcea43d9357d7f307d8c298b8f6\redhat.java\jdt_ws --stdio
java_class_path (initial): c:\Users\Juan Vargas\.vscode\extensions\redhat.java-1.25.1-win32-x64\server\plugins\org.eclipse.equinox.launcher_1.6.600.v20231106-1826.jar
Launcher Type: SUN_STANDARD

[Global flags]
    uintx AdaptiveSizePolicyWeight                 = 90                                        {product} {command line}
     intx CICompilerCount                          = 4                                         {product} {ergonomic}
    uintx GCTimeRatio                              = 4                                         {product} {command line}
     bool HeapDumpOnOutOfMemoryError               = true                                   {manageable} {command line}
    ccstr HeapDumpPath                             = c:\Users\Juan Vargas\AppData\Roaming\Code\User\workspaceStorage\9bff7dcea43d9357d7f307d8c298b8f6\redhat.java         {manageable} {command line}
   size_t InitialHeapSize                          = 104857600                                 {product} {command line}
   size_t MaxHeapSize                              = 1073741824                                {product} {command line}
   size_t MaxNewSize                               = 357564416                                 {product} {ergonomic}
   size_t MinHeapDeltaBytes                        = 524288                                    {product} {ergonomic}
   size_t MinHeapSize                              = 104857600                                 {product} {command line}
   size_t NewSize                                  = 34603008                                  {product} {ergonomic}
    uintx NonNMethodCodeHeapSize                   = 5839372                                {pd product} {ergonomic}
    uintx NonProfiledCodeHeapSize                  = 122909434                              {pd product} {ergonomic}
   size_t OldSize                                  = 70254592                                  {product} {ergonomic}
    uintx ProfiledCodeHeapSize                     = 122909434                              {pd product} {ergonomic}
    uintx ReservedCodeCacheSize                    = 251658240                              {pd product} {ergonomic}
     bool SegmentedCodeCache                       = true                                      {product} {ergonomic}
   size_t SoftMaxHeapSize                          = 1073741824                             {manageable} {ergonomic}
     bool UseCompressedClassPointers               = true                           {product lp64_product} {ergonomic}
     bool UseCompressedOops                        = true                           {product lp64_product} {ergonomic}
     bool UseLargePagesIndividualAllocation        = false                                  {pd product} {ergonomic}
     bool UseParallelGC                            = true                                      {product} {command line}

Logging:
Log output configuration:
 #0: stdout all=off uptime,level,tags
 #1: stderr all=off uptime,level,tags

Environment Variables:
PATH=C:\Program Files\Common Files\Oracle\Java\javapath;C:\Program Files (x86)\Common Files\Oracle\Java\javapath;C:\Program Files\Java\jre-1.8\bin;C:\Windows\system32;C:\Windows;C:\Windows\System32\Wbem;C:\Windows\System32\WindowsPowerShell\v1.0\;C:\Windows\System32\OpenSSH\;C:\ProgramData\chocolatey\bin;C:\Program Files\Java\jdk-21\bin;C:\Program Files\Git\cmd;C:\Users\Juan Vargas\AppData\Local\Microsoft\WindowsApps;C:\Users\Juan Vargas\AppData\Local\Programs\Microsoft VS Code\bin
USERNAME=Juan Vargas
OS=Windows_NT
PROCESSOR_IDENTIFIER=AMD64 Family 23 Model 24 Stepping 1, AuthenticAMD
TMP=C:\Users\JUANVA~1\AppData\Local\Temp
TEMP=C:\Users\JUANVA~1\AppData\Local\Temp



Periodic native trim disabled


---------------  S Y S T E M  ---------------

OS:
 Windows 10 , 64 bit Build 17763 (10.0.17763.4974)
OS uptime: 0 days 3:19 hours

CPU: total 8 (initial active 8) (8 cores per cpu, 2 threads per core) family 23 model 24 stepping 1 microcode 0x0, cx8, cmov, fxsr, ht, mmx, 3dnowpref, sse, sse2, sse3, ssse3, sse4a, sse4.1, sse4.2, popcnt, lzcnt, tsc, tscinvbit, avx, avx2, aes, clmul, bmi1, bmi2, adx, sha, fma, vzeroupper, clflush, clflushopt
Processor Information for all 8 processors :
  Max Mhz: 2100, Current Mhz: 1700, Mhz Limit: 2100

Memory: 4k page, system-wide physical 3526M (198M free)
TotalPageFile size 7622M (AvailPageFile size 0M)
current process WorkingSet (physical memory assigned to process): 76M, peak: 76M
current process commit charge ("private bytes"): 199M, peak: 200M

vm_info: OpenJDK 64-Bit Server VM (17.0.9+9) for windows-amd64 JRE (17.0.9+9), built on Oct 26 2023 14:01:42 by "admin" with MS VC++ 16.10 / 16.11 (VS2019)

END.
