#
# There is insufficient memory for the Java Runtime Environment to continue.
# Native memory allocation (malloc) failed to allocate 140096 bytes for Chunk::new
# Possible reasons:
#   The system is out of physical RAM or swap space
#   The process is running with CompressedOops enabled, and the Java Heap may be blocking the growth of the native heap
# Possible solutions:
#   Reduce memory load on the system
#   Increase physical memory or swap space
#   Check if swap backing store is full
#   Decrease Java heap size (-Xmx/-Xms)
#   Decrease number of Java threads
#   Decrease Java thread stack sizes (-Xss)
#   Set larger code cache with -XX:ReservedCodeCacheSize=
#   JVM is running with Unscaled Compressed Oops mode in which the Java heap is
#     placed in the first 4GB address space. The Java Heap base address is the
#     maximum limit for the native heap growth. Please use -XX:HeapBaseMinAddress
#     to set the Java Heap base and to place the Java Heap above 4GB virtual address.
# This output file may be truncated or incomplete.
#
#  Out of Memory Error (arena.cpp:191), pid=8292, tid=8524
#
# JRE version: OpenJDK Runtime Environment Temurin-17.0.9+9 (17.0.9+9) (build 17.0.9+9)
# Java VM: OpenJDK 64-Bit Server VM Temurin-17.0.9+9 (17.0.9+9, mixed mode, tiered, compressed oops, compressed class ptrs, parallel gc, windows-amd64)
# No core dump will be written. Minidumps are not enabled by default on client versions of Windows
#

---------------  S U M M A R Y ------------

Command Line: --add-modules=ALL-SYSTEM --add-opens=java.base/java.util=ALL-UNNAMED --add-opens=java.base/java.lang=ALL-UNNAMED --add-opens=java.base/sun.nio.fs=ALL-UNNAMED -Declipse.application=org.eclipse.jdt.ls.core.id1 -Dosgi.bundles.defaultStartLevel=4 -Declipse.product=org.eclipse.jdt.ls.core.product -Djava.import.generatesMetadataFilesAtProjectRoot=false -DDetectVMInstallationsJob.disabled=true -Dfile.encoding=utf8 -XX:+UseParallelGC -XX:GCTimeRatio=4 -XX:AdaptiveSizePolicyWeight=90 -Dsun.zip.disableMemoryMapping=true -Xmx1G -Xms100m -Xlog:disable -javaagent:c:\Users\Juan Vargas\.vscode\extensions\redhat.java-1.25.1-win32-x64\lombok\lombok-1.18.30.jar c:\Users\Juan Vargas\.vscode\extensions\redhat.java-1.25.1-win32-x64\server\plugins\org.eclipse.equinox.launcher_1.6.600.v20231106-1826.jar -configuration c:\Users\Juan Vargas\AppData\Roaming\Code\User\globalStorage\redhat.java\1.25.1\config_ss_win -data c:\Users\Juan Vargas\AppData\Roaming\Code\User\workspaceStorage\9bff7dcea43d9357d7f307d8c298b8f6\redhat.java\ss_ws --stdio

Host: AMD Ryzen 5 3450U with Radeon Vega Mobile Gfx  , 8 cores, 3G,  Windows 10 , 64 bit Build 17763 (10.0.17763.4974)
Time: Tue Dec 12 22:54:58 2023 Hora est. Pacífico, Sudamérica elapsed time: 2.727895 seconds (0d 0h 0m 2s)

---------------  T H R E A D  ---------------

Current thread (0x0000023426d19c00):  JavaThread "C2 CompilerThread0" daemon [_thread_in_native, id=8524, stack(0x000000b7e8300000,0x000000b7e8400000)]


Current CompileTask:
C2:   2728  605       4       lombok.patcher.PatchScript::classMatches (41 bytes)

Stack: [0x000000b7e8300000,0x000000b7e8400000]
Native frames: (J=compiled Java code, j=interpreted, Vv=VM code, C=native code)
V  [jvm.dll+0x67cf49]
V  [jvm.dll+0x83478a]
V  [jvm.dll+0x83624e]
V  [jvm.dll+0x8368b3]
V  [jvm.dll+0x247f1f]
V  [jvm.dll+0xac43c]
V  [jvm.dll+0xaca8c]
V  [jvm.dll+0x2af45f]
V  [jvm.dll+0x5853f7]
V  [jvm.dll+0x222f62]
V  [jvm.dll+0x21c202]
V  [jvm.dll+0x2198c1]
V  [jvm.dll+0x1a57cd]
V  [jvm.dll+0x2297ae]
V  [jvm.dll+0x22797c]
V  [jvm.dll+0x7e9877]
V  [jvm.dll+0x7e3c3a]
V  [jvm.dll+0x67be35]
C  [ucrtbase.dll+0x2268a]
C  [KERNEL32.DLL+0x17ac4]
C  [ntdll.dll+0x5a4e1]


---------------  P R O C E S S  ---------------

Threads class SMR info:
_java_thread_list=0x000002342707aa30, length=12, elements={
0x000002340db24ca0, 0x00000234219b3400, 0x00000234219b5550, 0x00000234219bb260,
0x00000234219bc0e0, 0x00000234219bcf60, 0x0000023426d19000, 0x0000023426d19c00,
0x0000023426d83050, 0x0000023426d86140, 0x000002340db86960, 0x00000234270558b0
}

Java Threads: ( => current thread )
  0x000002340db24ca0 JavaThread "main" [_thread_in_Java, id=7944, stack(0x000000b7e7a00000,0x000000b7e7b00000)]
  0x00000234219b3400 JavaThread "Reference Handler" daemon [_thread_blocked, id=7412, stack(0x000000b7e7d00000,0x000000b7e7e00000)]
  0x00000234219b5550 JavaThread "Finalizer" daemon [_thread_blocked, id=5416, stack(0x000000b7e7e00000,0x000000b7e7f00000)]
  0x00000234219bb260 JavaThread "Signal Dispatcher" daemon [_thread_blocked, id=10096, stack(0x000000b7e7f00000,0x000000b7e8000000)]
  0x00000234219bc0e0 JavaThread "Attach Listener" daemon [_thread_blocked, id=752, stack(0x000000b7e8000000,0x000000b7e8100000)]
  0x00000234219bcf60 JavaThread "Service Thread" daemon [_thread_blocked, id=3376, stack(0x000000b7e8100000,0x000000b7e8200000)]
  0x0000023426d19000 JavaThread "Monitor Deflation Thread" daemon [_thread_blocked, id=10364, stack(0x000000b7e8200000,0x000000b7e8300000)]
=>0x0000023426d19c00 JavaThread "C2 CompilerThread0" daemon [_thread_in_native, id=8524, stack(0x000000b7e8300000,0x000000b7e8400000)]
  0x0000023426d83050 JavaThread "C1 CompilerThread0" daemon [_thread_in_native, id=11212, stack(0x000000b7e8400000,0x000000b7e8500000)]
  0x0000023426d86140 JavaThread "Sweeper thread" daemon [_thread_blocked, id=10656, stack(0x000000b7e8500000,0x000000b7e8600000)]
  0x000002340db86960 JavaThread "Common-Cleaner" daemon [_thread_blocked, id=4652, stack(0x000000b7e8600000,0x000000b7e8700000)]
  0x00000234270558b0 JavaThread "Notification Thread" daemon [_thread_blocked, id=6488, stack(0x000000b7e8700000,0x000000b7e8800000)]

Other Threads:
  0x000002340dbaeb70 VMThread "VM Thread" [stack: 0x000000b7e7c00000,0x000000b7e7d00000] [id=9896]
  0x0000023427cf8ca0 WatcherThread [stack: 0x000000b7e8800000,0x000000b7e8900000] [id=10724]
  0x000002340db39120 GCTaskThread "GC Thread#0" [stack: 0x000000b7e7b00000,0x000000b7e7c00000] [id=2720]

Threads with active compile tasks:
C2 CompilerThread0     2759  605       4       lombok.patcher.PatchScript::classMatches (41 bytes)
C1 CompilerThread0     2759  631       3       java.util.Properties$LineReader::readLine (584 bytes)

VM state: not at safepoint (normal execution)

VM Mutex/Monitor currently owned by a thread: None

Heap address: 0x00000000c0000000, size: 1024 MB, Compressed Oops mode: 32-bit

CDS archive(s) not mapped
Compressed class space mapped at: 0x0000000100000000-0x0000000140000000, reserved size: 1073741824
Narrow klass base: 0x0000000000000000, Narrow klass shift: 3, Narrow klass range: 0x140000000

GC Precious Log:
 CPUs: 8 total, 8 available
 Memory: 3526M
 Large Page Support: Disabled
 NUMA Support: Disabled
 Compressed Oops: Enabled (32-bit)
 Alignments: Space 512K, Generation 512K, Heap 2M
 Heap Min Capacity: 100M
 Heap Initial Capacity: 100M
 Heap Max Capacity: 1G
 Pre-touch: Disabled
 Parallel Workers: 8

Heap:
 PSYoungGen      total 29696K, used 14072K [0x00000000eab00000, 0x00000000ecc00000, 0x0000000100000000)
  eden space 25600K, 54% used [0x00000000eab00000,0x00000000eb8be348,0x00000000ec400000)
  from space 4096K, 0% used [0x00000000ec800000,0x00000000ec800000,0x00000000ecc00000)
  to   space 4096K, 0% used [0x00000000ec400000,0x00000000ec400000,0x00000000ec800000)
 ParOldGen       total 68608K, used 0K [0x00000000c0000000, 0x00000000c4300000, 0x00000000eab00000)
  object space 68608K, 0% used [0x00000000c0000000,0x00000000c0000000,0x00000000c4300000)
 Metaspace       used 9146K, committed 9216K, reserved 1114112K
  class space    used 904K, committed 960K, reserved 1048576K

Card table byte_map: [0x000002340d4c0000,0x000002340d6d0000] _byte_map_base: 0x000002340cec0000

Marking Bits: (ParMarkBitMap*) 0x00007ffdb920d0b0
 Begin Bits: [0x000002341f7c0000, 0x00000234207c0000)
 End Bits:   [0x00000234207c0000, 0x00000234217c0000)

Polling page: 0x000002340baf0000

Metaspace:

Usage:
  Non-class:      8.05 MB used.
      Class:    904.33 KB used.
       Both:      8.93 MB used.

Virtual space:
  Non-class space:       64.00 MB reserved,       8.06 MB ( 13%) committed,  1 nodes.
      Class space:        1.00 GB reserved,     960.00 KB ( <1%) committed,  1 nodes.
             Both:        1.06 GB reserved,       9.00 MB ( <1%) committed. 

Chunk freelists:
   Non-Class:  7.94 MB
       Class:  15.08 MB
        Both:  23.02 MB

MaxMetaspaceSize: unlimited
CompressedClassSpaceSize: 1.00 GB
Initial GC threshold: 21.00 MB
Current GC threshold: 21.00 MB
CDS: off
MetaspaceReclaimPolicy: balanced
 - commit_granule_bytes: 65536.
 - commit_granule_words: 8192.
 - virtual_space_node_default_size: 8388608.
 - enlarge_chunks_in_place: 1.
 - new_chunks_are_fully_committed: 0.
 - uncommit_free_chunks: 1.
 - use_allocation_guard: 0.
 - handle_deallocations: 1.


Internal statistics:

num_allocs_failed_limit: 0.
num_arena_births: 10.
num_arena_deaths: 0.
num_vsnodes_births: 2.
num_vsnodes_deaths: 0.
num_space_committed: 144.
num_space_uncommitted: 0.
num_chunks_returned_to_freelist: 0.
num_chunks_taken_from_freelist: 44.
num_chunk_merges: 0.
num_chunk_splits: 26.
num_chunks_enlarged: 25.
num_inconsistent_stats: 0.

CodeHeap 'non-profiled nmethods': size=120000Kb used=216Kb max_used=216Kb free=119783Kb
 bounds [0x0000023418290000, 0x0000023418500000, 0x000002341f7c0000]
CodeHeap 'profiled nmethods': size=120000Kb used=970Kb max_used=970Kb free=119029Kb
 bounds [0x00000234107c0000, 0x0000023410a30000, 0x0000023417cf0000]
CodeHeap 'non-nmethods': size=5760Kb used=1132Kb max_used=1148Kb free=4627Kb
 bounds [0x0000023417cf0000, 0x0000023417f60000, 0x0000023418290000]
 total_blobs=1043 nmethods=621 adapters=337
 compilation: enabled
              stopped_count=0, restarted_count=0
 full_count=0

Compilation events (20 events):
Event: 2.657 Thread 0x0000023426d83050 nmethod 611 0x00000234182c4590 code [0x00000234182c4720, 0x00000234182c47f8]
Event: 2.657 Thread 0x0000023426d83050  612       1       java.security.Provider$Service::getProvider (5 bytes)
Event: 2.657 Thread 0x0000023426d83050 nmethod 612 0x00000234182c4890 code [0x00000234182c4a20, 0x00000234182c4af8]
Event: 2.664 Thread 0x0000023426d83050  613       3       sun.security.provider.SHA2::implCompress0 (490 bytes)
Event: 2.665 Thread 0x0000023426d83050 nmethod 613 0x00000234108a1190 code [0x00000234108a1380, 0x00000234108a1be8]
Event: 2.666 Thread 0x0000023426d83050  614       3       sun.security.provider.ByteArrayAccess::b2iBig64 (231 bytes)
Event: 2.695 Thread 0x0000023426d19c00 nmethod 600 0x00000234182c4b90 code [0x00000234182c4d60, 0x00000234182c5398]
Event: 2.695 Thread 0x0000023426d19c00  605       4       lombok.patcher.PatchScript::classMatches (41 bytes)
Event: 2.700 Thread 0x0000023426d83050 nmethod 614 0x00000234108a2090 code [0x00000234108a2b60, 0x00000234108a8f38]
Event: 2.700 Thread 0x0000023426d83050  615       3       sun.security.provider.SHA2::implCompress (13 bytes)
Event: 2.701 Thread 0x0000023426d83050 nmethod 615 0x00000234108aac90 code [0x00000234108aae80, 0x00000234108ab2c8]
Event: 2.701 Thread 0x0000023426d83050  616       3       sun.security.provider.SHA2::implCompressCheck (27 bytes)
Event: 2.701 Thread 0x0000023426d83050 nmethod 616 0x00000234108ab490 code [0x00000234108ab660, 0x00000234108aba18]
Event: 2.708 Thread 0x0000023426d83050  622       3       java.lang.ClassLoader::findLoadedClass (15 bytes)
Event: 2.708 Thread 0x0000023426d83050 nmethod 622 0x00000234108abb90 code [0x00000234108abd40, 0x00000234108abf38]
Event: 2.713 Thread 0x0000023426d83050  624       1       java.lang.Module::getDescriptor (5 bytes)
Event: 2.714 Thread 0x0000023426d83050 nmethod 624 0x00000234182c5b90 code [0x00000234182c5d20, 0x00000234182c5df8]
Event: 2.718 Thread 0x0000023426d83050  625       1       java.util.Collections$EmptyIterator::hasNext (2 bytes)
Event: 2.718 Thread 0x0000023426d83050 nmethod 625 0x00000234182c5e90 code [0x00000234182c6020, 0x00000234182c60f8]
Event: 2.721 Thread 0x0000023426d83050  626 %     3       java.util.Properties$LineReader::readLine @ 53 (584 bytes)

GC Heap History (0 events):
No events

Dll operation events (8 events):
Event: 0.087 Loaded shared library c:\Users\Juan Vargas\.vscode\extensions\redhat.java-1.25.1-win32-x64\jre\17.0.9-win32-x86_64\bin\java.dll
Event: 1.134 Loaded shared library c:\Users\Juan Vargas\.vscode\extensions\redhat.java-1.25.1-win32-x64\jre\17.0.9-win32-x86_64\bin\zip.dll
Event: 1.141 Loaded shared library C:\Users\Juan Vargas\.vscode\extensions\redhat.java-1.25.1-win32-x64\jre\17.0.9-win32-x86_64\bin\instrument.dll
Event: 1.254 Loaded shared library C:\Users\Juan Vargas\.vscode\extensions\redhat.java-1.25.1-win32-x64\jre\17.0.9-win32-x86_64\bin\net.dll
Event: 1.259 Loaded shared library C:\Users\Juan Vargas\.vscode\extensions\redhat.java-1.25.1-win32-x64\jre\17.0.9-win32-x86_64\bin\nio.dll
Event: 1.281 Loaded shared library C:\Users\Juan Vargas\.vscode\extensions\redhat.java-1.25.1-win32-x64\jre\17.0.9-win32-x86_64\bin\zip.dll
Event: 1.369 Loaded shared library C:\Users\Juan Vargas\.vscode\extensions\redhat.java-1.25.1-win32-x64\jre\17.0.9-win32-x86_64\bin\jimage.dll
Event: 1.631 Loaded shared library c:\Users\Juan Vargas\.vscode\extensions\redhat.java-1.25.1-win32-x64\jre\17.0.9-win32-x86_64\bin\verify.dll

Deoptimization events (20 events):
Event: 2.022 Thread 0x000002340db24ca0 DEOPT PACKING pc=0x00000234107dab80 sp=0x000000b7e7afc4a0
Event: 2.022 Thread 0x000002340db24ca0 DEOPT UNPACKING pc=0x0000023417d46e43 sp=0x000000b7e7afb960 mode 0
Event: 2.026 Thread 0x000002340db24ca0 DEOPT PACKING pc=0x00000234107dab80 sp=0x000000b7e7afb840
Event: 2.026 Thread 0x000002340db24ca0 DEOPT UNPACKING pc=0x0000023417d46e43 sp=0x000000b7e7afad00 mode 0
Event: 2.035 Thread 0x000002340db24ca0 DEOPT PACKING pc=0x00000234107dab80 sp=0x000000b7e7afafc0
Event: 2.035 Thread 0x000002340db24ca0 DEOPT UNPACKING pc=0x0000023417d46e43 sp=0x000000b7e7afa480 mode 0
Event: 2.229 Thread 0x000002340db24ca0 Uncommon trap: trap_request=0xffffff45 fr.pc=0x00000234182a60a8 relative=0x00000000000000a8
Event: 2.229 Thread 0x000002340db24ca0 Uncommon trap: reason=unstable_if action=reinterpret pc=0x00000234182a60a8 method=java.net.URI.match(CJJ)Z @ 45 c2
Event: 2.229 Thread 0x000002340db24ca0 DEOPT PACKING pc=0x00000234182a60a8 sp=0x000000b7e7afcc00
Event: 2.229 Thread 0x000002340db24ca0 DEOPT UNPACKING pc=0x0000023417d466a3 sp=0x000000b7e7afcb88 mode 2
Event: 2.265 Thread 0x000002340db24ca0 Uncommon trap: trap_request=0xffffff45 fr.pc=0x00000234182b857c relative=0x000000000000061c
Event: 2.265 Thread 0x000002340db24ca0 Uncommon trap: reason=unstable_if action=reinterpret pc=0x00000234182b857c method=java.lang.String.replace(Ljava/lang/CharSequence;Ljava/lang/CharSequence;)Ljava/lang/String; @ 48 c2
Event: 2.265 Thread 0x000002340db24ca0 DEOPT PACKING pc=0x00000234182b857c sp=0x000000b7e7afcb70
Event: 2.265 Thread 0x000002340db24ca0 DEOPT UNPACKING pc=0x0000023417d466a3 sp=0x000000b7e7afcaf0 mode 2
Event: 2.332 Thread 0x000002340db24ca0 DEOPT PACKING pc=0x00000234108056d6 sp=0x000000b7e7afe110
Event: 2.332 Thread 0x000002340db24ca0 DEOPT UNPACKING pc=0x0000023417d46e43 sp=0x000000b7e7afd5b0 mode 0
Event: 2.459 Thread 0x000002340db24ca0 Uncommon trap: trap_request=0xffffff45 fr.pc=0x00000234182a6be4 relative=0x00000000000002e4
Event: 2.459 Thread 0x000002340db24ca0 Uncommon trap: reason=unstable_if action=reinterpret pc=0x00000234182a6be4 method=java.lang.StringUTF16.compress([CI[BII)I @ 20 c2
Event: 2.459 Thread 0x000002340db24ca0 DEOPT PACKING pc=0x00000234182a6be4 sp=0x000000b7e7afbce0
Event: 2.460 Thread 0x000002340db24ca0 DEOPT UNPACKING pc=0x0000023417d466a3 sp=0x000000b7e7afbc60 mode 2

Classes unloaded (0 events):
No events

Classes redefined (0 events):
No events

Internal exceptions (3 events):
Event: 1.034 Thread 0x000002340db24ca0 Exception <a 'java/lang/NoSuchMethodError'{0x00000000eacb2578}: 'void java.lang.invoke.DirectMethodHandle$Holder.invokeStatic(java.lang.Object, java.lang.Object, java.lang.Object)'> (0x00000000eacb2578) 
thrown [s\src\hotspot\share\interpreter\linkResolver.cpp, line 759]
Event: 1.737 Thread 0x000002340db24ca0 Exception <a 'java/lang/reflect/InvocationTargetException'{0x00000000eaff3450}> (0x00000000eaff3450) 
thrown [s\src\hotspot\share\runtime\reflection.cpp, line 1121]
Event: 2.718 Thread 0x000002340db24ca0 Exception <a 'java/lang/ClassNotFoundException'{0x00000000eb86d350}: sun/net/www/protocol/c/Handler> (0x00000000eb86d350) 
thrown [s\src\hotspot\share\classfile\systemDictionary.cpp, line 256]

VM Operations (12 events):
Event: 1.049 Executing VM operation: HandshakeAllThreads
Event: 1.049 Executing VM operation: HandshakeAllThreads done
Event: 1.450 Executing VM operation: HandshakeAllThreads
Event: 1.450 Executing VM operation: HandshakeAllThreads done
Event: 1.450 Executing VM operation: Cleanup
Event: 1.450 Executing VM operation: Cleanup done
Event: 2.450 Executing VM operation: Cleanup
Event: 2.451 Executing VM operation: Cleanup done
Event: 2.646 Executing VM operation: HandshakeAllThreads
Event: 2.646 Executing VM operation: HandshakeAllThreads done
Event: 2.705 Executing VM operation: HandshakeAllThreads
Event: 2.705 Executing VM operation: HandshakeAllThreads done

Events (20 events):
Event: 2.712 loading class java/util/Spliterators$ArraySpliterator done
Event: 2.712 loading class java/util/Spliterators$1Adapter
Event: 2.712 loading class java/util/Spliterators$1Adapter done
Event: 2.714 loading class java/util/ServiceLoader$LazyClassPathLookupIterator
Event: 2.715 loading class java/util/ServiceLoader$LazyClassPathLookupIterator done
Event: 2.715 loading class java/util/ServiceLoader$2
Event: 2.715 loading class java/util/ServiceLoader$2 done
Event: 2.715 loading class java/util/ServiceLoader$3
Event: 2.716 loading class java/util/ServiceLoader$3 done
Event: 2.716 loading class java/util/Collections$EmptyEnumeration
Event: 2.716 loading class java/util/Collections$EmptyEnumeration done
Event: 2.717 loading class jdk/internal/loader/BuiltinClassLoader$1
Event: 2.717 loading class jdk/internal/loader/BuiltinClassLoader$1 done
Event: 2.717 loading class java/lang/CompoundEnumeration
Event: 2.718 loading class java/lang/CompoundEnumeration done
Event: 2.718 loading class jdk/internal/loader/URLClassPath$1
Event: 2.718 loading class jdk/internal/loader/URLClassPath$1 done
Event: 2.722 loading class java/util/concurrent/ConcurrentHashMap$KeySetView
Event: 2.722 loading class java/util/concurrent/ConcurrentHashMap$KeySetView done
Event: 2.722 loading class java/util/Collections$3


Dynamic libraries:
0x00007ff69f8c0000 - 0x00007ff69f8ce000 	c:\Users\Juan Vargas\.vscode\extensions\redhat.java-1.25.1-win32-x64\jre\17.0.9-win32-x86_64\bin\java.exe
0x00007ffe09400000 - 0x00007ffe095ee000 	C:\Windows\SYSTEM32\ntdll.dll
0x00007ffe06a70000 - 0x00007ffe06b23000 	C:\Windows\System32\KERNEL32.DLL
0x00007ffe06040000 - 0x00007ffe062dd000 	C:\Windows\System32\KERNELBASE.dll
0x00007ffe06380000 - 0x00007ffe0647a000 	C:\Windows\System32\ucrtbase.dll
0x00007ffdb93a0000 - 0x00007ffdb93b7000 	c:\Users\Juan Vargas\.vscode\extensions\redhat.java-1.25.1-win32-x64\jre\17.0.9-win32-x86_64\bin\jli.dll
0x00007ffe08fd0000 - 0x00007ffe09167000 	C:\Windows\System32\USER32.dll
0x00007ffe06560000 - 0x00007ffe06580000 	C:\Windows\System32\win32u.dll
0x00007ffe09190000 - 0x00007ffe091b9000 	C:\Windows\System32\GDI32.dll
0x00007ffe05bf0000 - 0x00007ffe05d9b000 	C:\Windows\System32\gdi32full.dll
0x00007ffe062e0000 - 0x00007ffe06380000 	C:\Windows\System32\msvcp_win.dll
0x00007ffde1b00000 - 0x00007ffde1b1b000 	c:\Users\Juan Vargas\.vscode\extensions\redhat.java-1.25.1-win32-x64\jre\17.0.9-win32-x86_64\bin\VCRUNTIME140.dll
0x00007ffdf3710000 - 0x00007ffdf3989000 	C:\Windows\WinSxS\amd64_microsoft.windows.common-controls_6595b64144ccf1df_6.0.17763.5122_none_de6fbcf2534c9850\COMCTL32.dll
0x00007ffe073b0000 - 0x00007ffe0744e000 	C:\Windows\System32\msvcrt.dll
0x00007ffe066e0000 - 0x00007ffe06a0b000 	C:\Windows\System32\combase.dll
0x00007ffe07780000 - 0x00007ffe0789e000 	C:\Windows\System32\RPCRT4.dll
0x00007ffe05fb0000 - 0x00007ffe06032000 	C:\Windows\System32\bcryptPrimitives.dll
0x00007ffe06bd0000 - 0x00007ffe06bfe000 	C:\Windows\System32\IMM32.DLL
0x00007ffdf8250000 - 0x00007ffdf825c000 	c:\Users\Juan Vargas\.vscode\extensions\redhat.java-1.25.1-win32-x64\jre\17.0.9-win32-x86_64\bin\vcruntime140_1.dll
0x00007ffdb92e0000 - 0x00007ffdb936d000 	c:\Users\Juan Vargas\.vscode\extensions\redhat.java-1.25.1-win32-x64\jre\17.0.9-win32-x86_64\bin\msvcp140.dll
0x00007ffdb8670000 - 0x00007ffdb92d1000 	c:\Users\Juan Vargas\.vscode\extensions\redhat.java-1.25.1-win32-x64\jre\17.0.9-win32-x86_64\bin\server\jvm.dll
0x00007ffe06630000 - 0x00007ffe066d7000 	C:\Windows\System32\ADVAPI32.dll
0x00007ffe06b30000 - 0x00007ffe06bcf000 	C:\Windows\System32\sechost.dll
0x00007ffe053b0000 - 0x00007ffe0540d000 	C:\Windows\System32\POWRPROF.dll
0x00007ffdf2f90000 - 0x00007ffdf2f99000 	C:\Windows\SYSTEM32\WSOCK32.dll
0x00007ffe08db0000 - 0x00007ffe08e1d000 	C:\Windows\System32\WS2_32.dll
0x00007ffe03280000 - 0x00007ffe032a4000 	C:\Windows\SYSTEM32\WINMM.dll
0x00007ffe00030000 - 0x00007ffe0003a000 	C:\Windows\SYSTEM32\VERSION.dll
0x00007ffe03250000 - 0x00007ffe0327d000 	C:\Windows\SYSTEM32\WINMMBASE.dll
0x00007ffe064e0000 - 0x00007ffe0652a000 	C:\Windows\System32\cfgmgr32.dll
0x00007ffe05410000 - 0x00007ffe05421000 	C:\Windows\System32\kernel.appcore.dll
0x00007ffdf2f70000 - 0x00007ffdf2f7a000 	c:\Users\Juan Vargas\.vscode\extensions\redhat.java-1.25.1-win32-x64\jre\17.0.9-win32-x86_64\bin\jimage.dll
0x00007ffe03db0000 - 0x00007ffe03f9d000 	C:\Windows\SYSTEM32\DBGHELP.DLL
0x00007ffdf4900000 - 0x00007ffdf492a000 	C:\Windows\SYSTEM32\dbgcore.DLL
0x00007ffdf0080000 - 0x00007ffdf008e000 	c:\Users\Juan Vargas\.vscode\extensions\redhat.java-1.25.1-win32-x64\jre\17.0.9-win32-x86_64\bin\instrument.dll
0x00007ffdb8640000 - 0x00007ffdb8665000 	c:\Users\Juan Vargas\.vscode\extensions\redhat.java-1.25.1-win32-x64\jre\17.0.9-win32-x86_64\bin\java.dll
0x00007ffdb8620000 - 0x00007ffdb8638000 	c:\Users\Juan Vargas\.vscode\extensions\redhat.java-1.25.1-win32-x64\jre\17.0.9-win32-x86_64\bin\zip.dll
0x00007ffe078a0000 - 0x00007ffe08d98000 	C:\Windows\System32\SHELL32.dll
0x00007ffe07660000 - 0x00007ffe07707000 	C:\Windows\System32\shcore.dll
0x00007ffe05480000 - 0x00007ffe05bc7000 	C:\Windows\System32\windows.storage.dll
0x00007ffe05430000 - 0x00007ffe05453000 	C:\Windows\System32\profapi.dll
0x00007ffe07710000 - 0x00007ffe07762000 	C:\Windows\System32\shlwapi.dll
0x00007ffe05bd0000 - 0x00007ffe05beb000 	C:\Windows\System32\cryptsp.dll
0x00007ffdb83a0000 - 0x00007ffdb83b9000 	C:\Users\Juan Vargas\.vscode\extensions\redhat.java-1.25.1-win32-x64\jre\17.0.9-win32-x86_64\bin\net.dll
0x00007ffdf8260000 - 0x00007ffdf835d000 	C:\Windows\SYSTEM32\WINHTTP.dll
0x00007ffe04ba0000 - 0x00007ffe04c07000 	C:\Windows\system32\mswsock.dll
0x00007ffdb7ae0000 - 0x00007ffdb7af6000 	C:\Users\Juan Vargas\.vscode\extensions\redhat.java-1.25.1-win32-x64\jre\17.0.9-win32-x86_64\bin\nio.dll
0x00007ffdeb270000 - 0x00007ffdeb280000 	c:\Users\Juan Vargas\.vscode\extensions\redhat.java-1.25.1-win32-x64\jre\17.0.9-win32-x86_64\bin\verify.dll

dbghelp: loaded successfully - version: 4.0.5 - missing functions: none
symbol engine: initialized successfully - sym options: 0x614 - pdb path: .;c:\Users\Juan Vargas\.vscode\extensions\redhat.java-1.25.1-win32-x64\jre\17.0.9-win32-x86_64\bin;C:\Windows\SYSTEM32;C:\Windows\WinSxS\amd64_microsoft.windows.common-controls_6595b64144ccf1df_6.0.17763.5122_none_de6fbcf2534c9850;c:\Users\Juan Vargas\.vscode\extensions\redhat.java-1.25.1-win32-x64\jre\17.0.9-win32-x86_64\bin\server

VM Arguments:
jvm_args: --add-modules=ALL-SYSTEM --add-opens=java.base/java.util=ALL-UNNAMED --add-opens=java.base/java.lang=ALL-UNNAMED --add-opens=java.base/sun.nio.fs=ALL-UNNAMED -Declipse.application=org.eclipse.jdt.ls.core.id1 -Dosgi.bundles.defaultStartLevel=4 -Declipse.product=org.eclipse.jdt.ls.core.product -Djava.import.generatesMetadataFilesAtProjectRoot=false -DDetectVMInstallationsJob.disabled=true -Dfile.encoding=utf8 -XX:+UseParallelGC -XX:GCTimeRatio=4 -XX:AdaptiveSizePolicyWeight=90 -Dsun.zip.disableMemoryMapping=true -Xmx1G -Xms100m -Xlog:disable -javaagent:c:\Users\Juan Vargas\.vscode\extensions\redhat.java-1.25.1-win32-x64\lombok\lombok-1.18.30.jar 
java_command: c:\Users\Juan Vargas\.vscode\extensions\redhat.java-1.25.1-win32-x64\server\plugins\org.eclipse.equinox.launcher_1.6.600.v20231106-1826.jar -configuration c:\Users\Juan Vargas\AppData\Roaming\Code\User\globalStorage\redhat.java\1.25.1\config_ss_win -data c:\Users\Juan Vargas\AppData\Roaming\Code\User\workspaceStorage\9bff7dcea43d9357d7f307d8c298b8f6\redhat.java\ss_ws --stdio
java_class_path (initial): c:\Users\Juan Vargas\.vscode\extensions\redhat.java-1.25.1-win32-x64\server\plugins\org.eclipse.equinox.launcher_1.6.600.v20231106-1826.jar
Launcher Type: SUN_STANDARD

[Global flags]
    uintx AdaptiveSizePolicyWeight                 = 90                                        {product} {command line}
     intx CICompilerCount                          = 4                                         {product} {ergonomic}
    uintx GCTimeRatio                              = 4                                         {product} {command line}
   size_t InitialHeapSize                          = 104857600                                 {product} {command line}
   size_t MaxHeapSize                              = 1073741824                                {product} {command line}
   size_t MaxNewSize                               = 357564416                                 {product} {ergonomic}
   size_t MinHeapDeltaBytes                        = 524288                                    {product} {ergonomic}
   size_t MinHeapSize                              = 104857600                                 {product} {command line}
   size_t NewSize                                  = 34603008                                  {product} {ergonomic}
    uintx NonNMethodCodeHeapSize                   = 5839372                                {pd product} {ergonomic}
    uintx NonProfiledCodeHeapSize                  = 122909434                              {pd product} {ergonomic}
   size_t OldSize                                  = 70254592                                  {product} {ergonomic}
    uintx ProfiledCodeHeapSize                     = 122909434                              {pd product} {ergonomic}
    uintx ReservedCodeCacheSize                    = 251658240                              {pd product} {ergonomic}
     bool SegmentedCodeCache                       = true                                      {product} {ergonomic}
   size_t SoftMaxHeapSize                          = 1073741824                             {manageable} {ergonomic}
     bool UseCompressedClassPointers               = true                           {product lp64_product} {ergonomic}
     bool UseCompressedOops                        = true                           {product lp64_product} {ergonomic}
     bool UseLargePagesIndividualAllocation        = false                                  {pd product} {ergonomic}
     bool UseParallelGC                            = true                                      {product} {command line}

Logging:
Log output configuration:
 #0: stdout all=off uptime,level,tags
 #1: stderr all=off uptime,level,tags

Environment Variables:
PATH=C:\Program Files\Common Files\Oracle\Java\javapath;C:\Program Files (x86)\Common Files\Oracle\Java\javapath;C:\Program Files\Java\jre-1.8\bin;C:\Windows\system32;C:\Windows;C:\Windows\System32\Wbem;C:\Windows\System32\WindowsPowerShell\v1.0\;C:\Windows\System32\OpenSSH\;C:\ProgramData\chocolatey\bin;C:\Program Files\Java\jdk-21\bin;C:\Program Files\Git\cmd;C:\Users\Juan Vargas\AppData\Local\Microsoft\WindowsApps;C:\Users\Juan Vargas\AppData\Local\Programs\Microsoft VS Code\bin
USERNAME=Juan Vargas
OS=Windows_NT
PROCESSOR_IDENTIFIER=AMD64 Family 23 Model 24 Stepping 1, AuthenticAMD
TMP=C:\Users\JUANVA~1\AppData\Local\Temp
TEMP=C:\Users\JUANVA~1\AppData\Local\Temp



Periodic native trim disabled


---------------  S Y S T E M  ---------------

OS:
 Windows 10 , 64 bit Build 17763 (10.0.17763.4974)
OS uptime: 0 days 4:43 hours

CPU: total 8 (initial active 8) (8 cores per cpu, 2 threads per core) family 23 model 24 stepping 1 microcode 0x0, cx8, cmov, fxsr, ht, mmx, 3dnowpref, sse, sse2, sse3, ssse3, sse4a, sse4.1, sse4.2, popcnt, lzcnt, tsc, tscinvbit, avx, avx2, aes, clmul, bmi1, bmi2, adx, sha, fma, vzeroupper, clflush, clflushopt
Processor Information for all 8 processors :
  Max Mhz: 2100, Current Mhz: 1700, Mhz Limit: 2100

Memory: 4k page, system-wide physical 3526M (300M free)
TotalPageFile size 7622M (AvailPageFile size 4M)
current process WorkingSet (physical memory assigned to process): 53M, peak: 53M
current process commit charge ("private bytes"): 193M, peak: 193M

vm_info: OpenJDK 64-Bit Server VM (17.0.9+9) for windows-amd64 JRE (17.0.9+9), built on Oct 26 2023 14:01:42 by "admin" with MS VC++ 16.10 / 16.11 (VS2019)

END.
