#
# There is insufficient memory for the Java Runtime Environment to continue.
# Native memory allocation (malloc) failed to allocate 229456 bytes for Chunk::new
# Possible reasons:
#   The system is out of physical RAM or swap space
#   The process is running with CompressedOops enabled, and the Java Heap may be blocking the growth of the native heap
# Possible solutions:
#   Reduce memory load on the system
#   Increase physical memory or swap space
#   Check if swap backing store is full
#   Decrease Java heap size (-Xmx/-Xms)
#   Decrease number of Java threads
#   Decrease Java thread stack sizes (-Xss)
#   Set larger code cache with -XX:ReservedCodeCacheSize=
#   JVM is running with Unscaled Compressed Oops mode in which the Java heap is
#     placed in the first 4GB address space. The Java Heap base address is the
#     maximum limit for the native heap growth. Please use -XX:HeapBaseMinAddress
#     to set the Java Heap base and to place the Java Heap above 4GB virtual address.
# This output file may be truncated or incomplete.
#
#  Out of Memory Error (arena.cpp:191), pid=9368, tid=9724
#
# JRE version: OpenJDK Runtime Environment Temurin-17.0.9+9 (17.0.9+9) (build 17.0.9+9)
# Java VM: OpenJDK 64-Bit Server VM Temurin-17.0.9+9 (17.0.9+9, mixed mode, tiered, compressed oops, compressed class ptrs, parallel gc, windows-amd64)
# No core dump will be written. Minidumps are not enabled by default on client versions of Windows
#

---------------  S U M M A R Y ------------

Command Line: --add-modules=ALL-SYSTEM --add-opens=java.base/java.util=ALL-UNNAMED --add-opens=java.base/java.lang=ALL-UNNAMED --add-opens=java.base/sun.nio.fs=ALL-UNNAMED -Declipse.application=org.eclipse.jdt.ls.core.id1 -Dosgi.bundles.defaultStartLevel=4 -Declipse.product=org.eclipse.jdt.ls.core.product -Djava.import.generatesMetadataFilesAtProjectRoot=false -DDetectVMInstallationsJob.disabled=true -Dfile.encoding=utf8 -XX:+UseParallelGC -XX:GCTimeRatio=4 -XX:AdaptiveSizePolicyWeight=90 -Dsun.zip.disableMemoryMapping=true -Xmx1G -Xms100m -Xlog:disable -javaagent:c:\Users\Juan Vargas\.vscode\extensions\redhat.java-1.25.1-win32-x64\lombok\lombok-1.18.30.jar c:\Users\Juan Vargas\.vscode\extensions\redhat.java-1.25.1-win32-x64\server\plugins\org.eclipse.equinox.launcher_1.6.600.v20231106-1826.jar -configuration c:\Users\Juan Vargas\AppData\Roaming\Code\User\globalStorage\redhat.java\1.25.1\config_ss_win -data c:\Users\Juan Vargas\AppData\Roaming\Code\User\workspaceStorage\9bff7dcea43d9357d7f307d8c298b8f6\redhat.java\ss_ws --stdio

Host: AMD Ryzen 5 3450U with Radeon Vega Mobile Gfx  , 8 cores, 3G,  Windows 10 , 64 bit Build 17763 (10.0.17763.4974)
Time: Tue Dec 12 10:52:30 2023 Hora est. Pacífico, Sudamérica elapsed time: 3.685491 seconds (0d 0h 0m 3s)

---------------  T H R E A D  ---------------

Current thread (0x0000024e75c37c40):  JavaThread "C2 CompilerThread0" daemon [_thread_in_native, id=9724, stack(0x000000e08c700000,0x000000e08c800000)]


Current CompileTask:
C2:   3685  504       4       lombok.patcher.PatchScript::classMatches (41 bytes)

Stack: [0x000000e08c700000,0x000000e08c800000]
Native frames: (J=compiled Java code, j=interpreted, Vv=VM code, C=native code)
V  [jvm.dll+0x67cf49]
V  [jvm.dll+0x83478a]
V  [jvm.dll+0x83624e]
V  [jvm.dll+0x8368b3]
V  [jvm.dll+0x247f1f]
V  [jvm.dll+0xac43c]
V  [jvm.dll+0xaca8c]
V  [jvm.dll+0x2af45f]
V  [jvm.dll+0x5853f7]
V  [jvm.dll+0x222f62]
V  [jvm.dll+0x22334f]
V  [jvm.dll+0x21c476]
V  [jvm.dll+0x2198c1]
V  [jvm.dll+0x1a57cd]
V  [jvm.dll+0x2297ae]
V  [jvm.dll+0x22797c]
V  [jvm.dll+0x7e9877]
V  [jvm.dll+0x7e3c3a]
V  [jvm.dll+0x67be35]
C  [ucrtbase.dll+0x2268a]
C  [KERNEL32.DLL+0x17ac4]
C  [ntdll.dll+0x5a4e1]


---------------  P R O C E S S  ---------------

Threads class SMR info:
_java_thread_list=0x0000024e75f66150, length=12, elements={
0x0000024e5ca75b10, 0x0000024e5cb27980, 0x0000024e5cb29a00, 0x0000024e75c24990,
0x0000024e75c25260, 0x0000024e75c26150, 0x0000024e75c33800, 0x0000024e75c37c40,
0x0000024e75c3bde0, 0x0000024e75c5f330, 0x0000024e75cec8c0, 0x0000024e75f8f530
}

Java Threads: ( => current thread )
  0x0000024e5ca75b10 JavaThread "main" [_thread_in_native, id=2448, stack(0x000000e08be00000,0x000000e08bf00000)]
  0x0000024e5cb27980 JavaThread "Reference Handler" daemon [_thread_blocked, id=11000, stack(0x000000e08c100000,0x000000e08c200000)]
  0x0000024e5cb29a00 JavaThread "Finalizer" daemon [_thread_blocked, id=10424, stack(0x000000e08c200000,0x000000e08c300000)]
  0x0000024e75c24990 JavaThread "Signal Dispatcher" daemon [_thread_blocked, id=3848, stack(0x000000e08c300000,0x000000e08c400000)]
  0x0000024e75c25260 JavaThread "Attach Listener" daemon [_thread_blocked, id=4848, stack(0x000000e08c400000,0x000000e08c500000)]
  0x0000024e75c26150 JavaThread "Service Thread" daemon [_thread_blocked, id=3352, stack(0x000000e08c500000,0x000000e08c600000)]
  0x0000024e75c33800 JavaThread "Monitor Deflation Thread" daemon [_thread_blocked, id=2092, stack(0x000000e08c600000,0x000000e08c700000)]
=>0x0000024e75c37c40 JavaThread "C2 CompilerThread0" daemon [_thread_in_native, id=9724, stack(0x000000e08c700000,0x000000e08c800000)]
  0x0000024e75c3bde0 JavaThread "C1 CompilerThread0" daemon [_thread_blocked, id=4984, stack(0x000000e08c800000,0x000000e08c900000)]
  0x0000024e75c5f330 JavaThread "Sweeper thread" daemon [_thread_blocked, id=7192, stack(0x000000e08c900000,0x000000e08ca00000)]
  0x0000024e75cec8c0 JavaThread "Common-Cleaner" daemon [_thread_blocked, id=10444, stack(0x000000e08ca00000,0x000000e08cb00000)]
  0x0000024e75f8f530 JavaThread "Notification Thread" daemon [_thread_blocked, id=7432, stack(0x000000e08cb00000,0x000000e08cc00000)]

Other Threads:
  0x0000024e70909c40 VMThread "VM Thread" [stack: 0x000000e08c000000,0x000000e08c100000] [id=944]
  0x0000024e75f90490 WatcherThread [stack: 0x000000e08cc00000,0x000000e08cd00000] [id=10448]
  0x0000024e5ca896c0 GCTaskThread "GC Thread#0" [stack: 0x000000e08bf00000,0x000000e08c000000] [id=10556]

Threads with active compile tasks:
C2 CompilerThread0     3730  504       4       lombok.patcher.PatchScript::classMatches (41 bytes)

VM state: not at safepoint (normal execution)

VM Mutex/Monitor currently owned by a thread: None

Heap address: 0x00000000c0000000, size: 1024 MB, Compressed Oops mode: 32-bit

CDS archive(s) not mapped
Compressed class space mapped at: 0x0000000100000000-0x0000000140000000, reserved size: 1073741824
Narrow klass base: 0x0000000000000000, Narrow klass shift: 3, Narrow klass range: 0x140000000

GC Precious Log:
 CPUs: 8 total, 8 available
 Memory: 3526M
 Large Page Support: Disabled
 NUMA Support: Disabled
 Compressed Oops: Enabled (32-bit)
 Alignments: Space 512K, Generation 512K, Heap 2M
 Heap Min Capacity: 100M
 Heap Initial Capacity: 100M
 Heap Max Capacity: 1G
 Pre-touch: Disabled
 Parallel Workers: 8

Heap:
 PSYoungGen      total 29696K, used 12590K [0x00000000eab00000, 0x00000000ecc00000, 0x0000000100000000)
  eden space 25600K, 49% used [0x00000000eab00000,0x00000000eb74bad8,0x00000000ec400000)
  from space 4096K, 0% used [0x00000000ec800000,0x00000000ec800000,0x00000000ecc00000)
  to   space 4096K, 0% used [0x00000000ec400000,0x00000000ec400000,0x00000000ec800000)
 ParOldGen       total 68608K, used 0K [0x00000000c0000000, 0x00000000c4300000, 0x00000000eab00000)
  object space 68608K, 0% used [0x00000000c0000000,0x00000000c0000000,0x00000000c4300000)
 Metaspace       used 8557K, committed 8640K, reserved 1114112K
  class space    used 839K, committed 896K, reserved 1048576K

Card table byte_map: [0x0000024e5c410000,0x0000024e5c620000] _byte_map_base: 0x0000024e5be10000

Marking Bits: (ParMarkBitMap*) 0x00007ffae42bd0b0
 Begin Bits: [0x0000024e6e710000, 0x0000024e6f710000)
 End Bits:   [0x0000024e6f710000, 0x0000024e70710000)

Polling page: 0x0000024e5a9b0000

Metaspace:

Usage:
  Non-class:      7.54 MB used.
      Class:    840.71 KB used.
       Both:      8.37 MB used.

Virtual space:
  Non-class space:       64.00 MB reserved,       7.56 MB ( 12%) committed,  1 nodes.
      Class space:        1.00 GB reserved,     896.00 KB ( <1%) committed,  1 nodes.
             Both:        1.06 GB reserved,       8.44 MB ( <1%) committed. 

Chunk freelists:
   Non-Class:  8.00 MB
       Class:  15.09 MB
        Both:  23.09 MB

MaxMetaspaceSize: unlimited
CompressedClassSpaceSize: 1.00 GB
Initial GC threshold: 21.00 MB
Current GC threshold: 21.00 MB
CDS: off
MetaspaceReclaimPolicy: balanced
 - commit_granule_bytes: 65536.
 - commit_granule_words: 8192.
 - virtual_space_node_default_size: 8388608.
 - enlarge_chunks_in_place: 1.
 - new_chunks_are_fully_committed: 0.
 - uncommit_free_chunks: 1.
 - use_allocation_guard: 0.
 - handle_deallocations: 1.


Internal statistics:

num_allocs_failed_limit: 0.
num_arena_births: 10.
num_arena_deaths: 0.
num_vsnodes_births: 2.
num_vsnodes_deaths: 0.
num_space_committed: 136.
num_space_uncommitted: 0.
num_chunks_returned_to_freelist: 0.
num_chunks_taken_from_freelist: 41.
num_chunk_merges: 0.
num_chunk_splits: 23.
num_chunks_enlarged: 22.
num_inconsistent_stats: 0.

CodeHeap 'non-profiled nmethods': size=120000Kb used=176Kb max_used=176Kb free=119823Kb
 bounds [0x0000024e671e0000, 0x0000024e67450000, 0x0000024e6e710000]
CodeHeap 'profiled nmethods': size=120000Kb used=781Kb max_used=781Kb free=119219Kb
 bounds [0x0000024e5f710000, 0x0000024e5f980000, 0x0000024e66c40000]
CodeHeap 'non-nmethods': size=5760Kb used=1129Kb max_used=1136Kb free=4630Kb
 bounds [0x0000024e66c40000, 0x0000024e66eb0000, 0x0000024e671e0000]
 total_blobs=948 nmethods=532 adapters=331
 compilation: enabled
              stopped_count=0, restarted_count=0
 full_count=0

Compilation events (20 events):
Event: 3.661 Thread 0x0000024e75c3bde0  521       3       java.util.LinkedHashMap::newNode (23 bytes)
Event: 3.662 Thread 0x0000024e75c3bde0 nmethod 521 0x0000024e5f7cd810 code [0x0000024e5f7cd9c0, 0x0000024e5f7cdc88]
Event: 3.662 Thread 0x0000024e75c3bde0  522       3       java.util.LinkedHashMap$Entry::<init> (10 bytes)
Event: 3.662 Thread 0x0000024e75c3bde0 nmethod 522 0x0000024e5f7cde10 code [0x0000024e5f7cdfc0, 0x0000024e5f7ce1d8]
Event: 3.662 Thread 0x0000024e75c3bde0  524       3       java.math.BigInteger::trustedStripLeadingZeroInts (37 bytes)
Event: 3.663 Thread 0x0000024e75c3bde0 nmethod 524 0x0000024e5f7ce310 code [0x0000024e5f7ce4c0, 0x0000024e5f7ce728]
Event: 3.663 Thread 0x0000024e75c3bde0  523  s    3       java.io.ByteArrayOutputStream::write (32 bytes)
Event: 3.663 Thread 0x0000024e75c3bde0 nmethod 523 0x0000024e5f7ce810 code [0x0000024e5f7ce9c0, 0x0000024e5f7cec08]
Event: 3.663 Thread 0x0000024e75c3bde0  525       1       java.math.BigInteger::signum (5 bytes)
Event: 3.663 Thread 0x0000024e75c3bde0 nmethod 525 0x0000024e6720b510 code [0x0000024e6720b6a0, 0x0000024e6720b778]
Event: 3.666 Thread 0x0000024e75c3bde0  526       3       java.util.regex.Pattern::isSupplementary (21 bytes)
Event: 3.666 Thread 0x0000024e75c3bde0 nmethod 526 0x0000024e5f7ced10 code [0x0000024e5f7ceec0, 0x0000024e5f7cf138]
Event: 3.666 Thread 0x0000024e75c3bde0  527       3       java.lang.Character::isSurrogate (18 bytes)
Event: 3.667 Thread 0x0000024e75c3bde0 nmethod 527 0x0000024e5f7cf210 code [0x0000024e5f7cf3a0, 0x0000024e5f7cf538]
Event: 3.668 Thread 0x0000024e75c3bde0  529       3       java.lang.invoke.MethodType::equals (31 bytes)
Event: 3.668 Thread 0x0000024e75c3bde0 nmethod 529 0x0000024e5f7cf610 code [0x0000024e5f7cf7c0, 0x0000024e5f7cf9a8]
Event: 3.668 Thread 0x0000024e75c3bde0  530   !   3       java.lang.invoke.MemberName::getMethodType (211 bytes)
Event: 3.672 Thread 0x0000024e75c3bde0 nmethod 530 0x0000024e5f7cfa90 code [0x0000024e5f7cfd80, 0x0000024e5f7d1238]
Event: 3.672 Thread 0x0000024e75c3bde0  531       3       java.util.regex.Pattern::peek (26 bytes)
Event: 3.673 Thread 0x0000024e75c3bde0 nmethod 531 0x0000024e5f7d1810 code [0x0000024e5f7d19c0, 0x0000024e5f7d1c28]

GC Heap History (0 events):
No events

Dll operation events (8 events):
Event: 0.528 Loaded shared library c:\Users\Juan Vargas\.vscode\extensions\redhat.java-1.25.1-win32-x64\jre\17.0.9-win32-x86_64\bin\java.dll
Event: 1.864 Loaded shared library c:\Users\Juan Vargas\.vscode\extensions\redhat.java-1.25.1-win32-x64\jre\17.0.9-win32-x86_64\bin\zip.dll
Event: 1.878 Loaded shared library C:\Users\Juan Vargas\.vscode\extensions\redhat.java-1.25.1-win32-x64\jre\17.0.9-win32-x86_64\bin\instrument.dll
Event: 2.182 Loaded shared library C:\Users\Juan Vargas\.vscode\extensions\redhat.java-1.25.1-win32-x64\jre\17.0.9-win32-x86_64\bin\net.dll
Event: 2.355 Loaded shared library C:\Users\Juan Vargas\.vscode\extensions\redhat.java-1.25.1-win32-x64\jre\17.0.9-win32-x86_64\bin\nio.dll
Event: 2.405 Loaded shared library C:\Users\Juan Vargas\.vscode\extensions\redhat.java-1.25.1-win32-x64\jre\17.0.9-win32-x86_64\bin\zip.dll
Event: 2.470 Loaded shared library C:\Users\Juan Vargas\.vscode\extensions\redhat.java-1.25.1-win32-x64\jre\17.0.9-win32-x86_64\bin\jimage.dll
Event: 2.977 Loaded shared library c:\Users\Juan Vargas\.vscode\extensions\redhat.java-1.25.1-win32-x64\jre\17.0.9-win32-x86_64\bin\verify.dll

Deoptimization events (20 events):
Event: 3.349 Thread 0x0000024e5ca75b10 DEOPT PACKING pc=0x0000024e5f72bf80 sp=0x000000e08befa990
Event: 3.349 Thread 0x0000024e5ca75b10 DEOPT UNPACKING pc=0x0000024e66c96e43 sp=0x000000e08bef9e50 mode 0
Event: 3.351 Thread 0x0000024e5ca75b10 DEOPT PACKING pc=0x0000024e5f72bf80 sp=0x000000e08befbc30
Event: 3.351 Thread 0x0000024e5ca75b10 DEOPT UNPACKING pc=0x0000024e66c96e43 sp=0x000000e08befb0f0 mode 0
Event: 3.407 Thread 0x0000024e5ca75b10 DEOPT PACKING pc=0x0000024e5f72bf80 sp=0x000000e08befb0d0
Event: 3.407 Thread 0x0000024e5ca75b10 DEOPT UNPACKING pc=0x0000024e66c96e43 sp=0x000000e08befa590 mode 0
Event: 3.412 Thread 0x0000024e5ca75b10 DEOPT PACKING pc=0x0000024e5f72bea7 sp=0x000000e08befbe90
Event: 3.412 Thread 0x0000024e5ca75b10 DEOPT UNPACKING pc=0x0000024e66c96e43 sp=0x000000e08befb340 mode 0
Event: 3.417 Thread 0x0000024e5ca75b10 DEOPT PACKING pc=0x0000024e5f72bf80 sp=0x000000e08befc640
Event: 3.417 Thread 0x0000024e5ca75b10 DEOPT UNPACKING pc=0x0000024e66c96e43 sp=0x000000e08befbb00 mode 0
Event: 3.423 Thread 0x0000024e5ca75b10 DEOPT PACKING pc=0x0000024e5f72bf80 sp=0x000000e08befb9e0
Event: 3.423 Thread 0x0000024e5ca75b10 DEOPT UNPACKING pc=0x0000024e66c96e43 sp=0x000000e08befaea0 mode 0
Event: 3.601 Thread 0x0000024e5ca75b10 Uncommon trap: trap_request=0xffffff45 fr.pc=0x0000024e671f8aa8 relative=0x00000000000000a8
Event: 3.601 Thread 0x0000024e5ca75b10 Uncommon trap: reason=unstable_if action=reinterpret pc=0x0000024e671f8aa8 method=java.net.URI.match(CJJ)Z @ 45 c2
Event: 3.601 Thread 0x0000024e5ca75b10 DEOPT PACKING pc=0x0000024e671f8aa8 sp=0x000000e08befcda0
Event: 3.601 Thread 0x0000024e5ca75b10 DEOPT UNPACKING pc=0x0000024e66c966a3 sp=0x000000e08befcd28 mode 2
Event: 3.638 Thread 0x0000024e5ca75b10 Uncommon trap: trap_request=0xffffff45 fr.pc=0x0000024e672094fc relative=0x000000000000061c
Event: 3.638 Thread 0x0000024e5ca75b10 Uncommon trap: reason=unstable_if action=reinterpret pc=0x0000024e672094fc method=java.lang.String.replace(Ljava/lang/CharSequence;Ljava/lang/CharSequence;)Ljava/lang/String; @ 48 c2
Event: 3.638 Thread 0x0000024e5ca75b10 DEOPT PACKING pc=0x0000024e672094fc sp=0x000000e08befcd10
Event: 3.638 Thread 0x0000024e5ca75b10 DEOPT UNPACKING pc=0x0000024e66c966a3 sp=0x000000e08befcc90 mode 2

Classes unloaded (0 events):
No events

Classes redefined (0 events):
No events

Internal exceptions (2 events):
Event: 1.770 Thread 0x0000024e5ca75b10 Exception <a 'java/lang/NoSuchMethodError'{0x00000000eacb2578}: 'void java.lang.invoke.DirectMethodHandle$Holder.invokeStatic(java.lang.Object, java.lang.Object, java.lang.Object)'> (0x00000000eacb2578) 
thrown [s\src\hotspot\share\interpreter\linkResolver.cpp, line 759]
Event: 3.059 Thread 0x0000024e5ca75b10 Exception <a 'java/lang/reflect/InvocationTargetException'{0x00000000eaff34c0}> (0x00000000eaff34c0) 
thrown [s\src\hotspot\share\runtime\reflection.cpp, line 1121]

VM Operations (8 events):
Event: 1.787 Executing VM operation: HandshakeAllThreads
Event: 1.787 Executing VM operation: HandshakeAllThreads done
Event: 2.614 Executing VM operation: HandshakeAllThreads
Event: 2.614 Executing VM operation: HandshakeAllThreads done
Event: 2.614 Executing VM operation: Cleanup
Event: 2.614 Executing VM operation: Cleanup done
Event: 3.615 Executing VM operation: Cleanup
Event: 3.616 Executing VM operation: Cleanup done

Events (20 events):
Event: 3.673 loading class java/time/temporal/TemporalAdjuster
Event: 3.673 loading class java/time/temporal/TemporalAdjuster done
Event: 3.673 loading class java/time/ZoneOffset done
Event: 3.674 loading class java/time/ZoneRegion
Event: 3.674 loading class java/time/ZoneRegion done
Event: 3.674 loading class java/time/zone/ZoneRules
Event: 3.675 loading class java/time/zone/ZoneRules done
Event: 3.675 loading class java/time/zone/ZoneOffsetTransitionRule
Event: 3.676 loading class java/time/zone/ZoneOffsetTransitionRule done
Event: 3.676 loading class java/time/LocalDateTime
Event: 3.677 loading class java/time/temporal/Temporal
Event: 3.677 loading class java/time/temporal/Temporal done
Event: 3.677 loading class java/time/chrono/ChronoLocalDateTime
Event: 3.678 loading class java/time/chrono/ChronoLocalDateTime done
Event: 3.678 loading class java/time/LocalDateTime done
Event: 3.678 loading class java/time/ZonedDateTime
Event: 3.679 loading class java/time/chrono/ChronoZonedDateTime
Event: 3.680 loading class java/time/chrono/ChronoZonedDateTime done
Event: 3.680 loading class java/time/ZonedDateTime done
Event: 3.681 loading class java/time/LocalDate


Dynamic libraries:
0x00007ff6e7eb0000 - 0x00007ff6e7ebe000 	c:\Users\Juan Vargas\.vscode\extensions\redhat.java-1.25.1-win32-x64\jre\17.0.9-win32-x86_64\bin\java.exe
0x00007ffb45570000 - 0x00007ffb4575e000 	C:\Windows\SYSTEM32\ntdll.dll
0x00007ffb43470000 - 0x00007ffb43523000 	C:\Windows\System32\KERNEL32.DLL
0x00007ffb41d90000 - 0x00007ffb4202d000 	C:\Windows\System32\KERNELBASE.dll
0x00007ffb42030000 - 0x00007ffb4212a000 	C:\Windows\System32\ucrtbase.dll
0x00007ffb21d70000 - 0x00007ffb21d87000 	c:\Users\Juan Vargas\.vscode\extensions\redhat.java-1.25.1-win32-x64\jre\17.0.9-win32-x86_64\bin\jli.dll
0x00007ffb42f20000 - 0x00007ffb430b7000 	C:\Windows\System32\USER32.dll
0x00007ffb42780000 - 0x00007ffb427a0000 	C:\Windows\System32\win32u.dll
0x00007ffb42d20000 - 0x00007ffb42d49000 	C:\Windows\System32\GDI32.dll
0x00007ffb42250000 - 0x00007ffb423fb000 	C:\Windows\System32\gdi32full.dll
0x00007ffb421b0000 - 0x00007ffb42250000 	C:\Windows\System32\msvcp_win.dll
0x00007ffb27110000 - 0x00007ffb2712b000 	c:\Users\Juan Vargas\.vscode\extensions\redhat.java-1.25.1-win32-x64\jre\17.0.9-win32-x86_64\bin\VCRUNTIME140.dll
0x00007ffb2f390000 - 0x00007ffb2f609000 	C:\Windows\WinSxS\amd64_microsoft.windows.common-controls_6595b64144ccf1df_6.0.17763.5122_none_de6fbcf2534c9850\COMCTL32.dll
0x00007ffb42c60000 - 0x00007ffb42cfe000 	C:\Windows\System32\msvcrt.dll
0x00007ffb43640000 - 0x00007ffb4396b000 	C:\Windows\System32\combase.dll
0x00007ffb43970000 - 0x00007ffb43a8e000 	C:\Windows\System32\RPCRT4.dll
0x00007ffb42400000 - 0x00007ffb42482000 	C:\Windows\System32\bcryptPrimitives.dll
0x00007ffb43540000 - 0x00007ffb4356e000 	C:\Windows\System32\IMM32.DLL
0x00007ffb2deb0000 - 0x00007ffb2debc000 	c:\Users\Juan Vargas\.vscode\extensions\redhat.java-1.25.1-win32-x64\jre\17.0.9-win32-x86_64\bin\vcruntime140_1.dll
0x00007ffaf0be0000 - 0x00007ffaf0c6d000 	c:\Users\Juan Vargas\.vscode\extensions\redhat.java-1.25.1-win32-x64\jre\17.0.9-win32-x86_64\bin\msvcp140.dll
0x00007ffae3720000 - 0x00007ffae4381000 	c:\Users\Juan Vargas\.vscode\extensions\redhat.java-1.25.1-win32-x64\jre\17.0.9-win32-x86_64\bin\server\jvm.dll
0x00007ffb433c0000 - 0x00007ffb43467000 	C:\Windows\System32\ADVAPI32.dll
0x00007ffb42e00000 - 0x00007ffb42e9f000 	C:\Windows\System32\sechost.dll
0x00007ffb41520000 - 0x00007ffb4157d000 	C:\Windows\System32\POWRPROF.dll
0x00007ffb2de40000 - 0x00007ffb2de49000 	C:\Windows\SYSTEM32\WSOCK32.dll
0x00007ffb427a0000 - 0x00007ffb4280d000 	C:\Windows\System32\WS2_32.dll
0x00007ffb3e230000 - 0x00007ffb3e254000 	C:\Windows\SYSTEM32\WINMM.dll
0x00007ffb3c920000 - 0x00007ffb3c92a000 	C:\Windows\SYSTEM32\VERSION.dll
0x00007ffb3e200000 - 0x00007ffb3e22d000 	C:\Windows\SYSTEM32\WINMMBASE.dll
0x00007ffb41d40000 - 0x00007ffb41d8a000 	C:\Windows\System32\cfgmgr32.dll
0x00007ffb415a0000 - 0x00007ffb415b1000 	C:\Windows\System32\kernel.appcore.dll
0x00007ffb2d8f0000 - 0x00007ffb2d8fa000 	c:\Users\Juan Vargas\.vscode\extensions\redhat.java-1.25.1-win32-x64\jre\17.0.9-win32-x86_64\bin\jimage.dll
0x00007ffb3dea0000 - 0x00007ffb3e08d000 	C:\Windows\SYSTEM32\DBGHELP.DLL
0x00007ffb30a20000 - 0x00007ffb30a4a000 	C:\Windows\SYSTEM32\dbgcore.DLL
0x00007ffb2ce20000 - 0x00007ffb2ce2e000 	c:\Users\Juan Vargas\.vscode\extensions\redhat.java-1.25.1-win32-x64\jre\17.0.9-win32-x86_64\bin\instrument.dll
0x00007ffaf0b20000 - 0x00007ffaf0b45000 	c:\Users\Juan Vargas\.vscode\extensions\redhat.java-1.25.1-win32-x64\jre\17.0.9-win32-x86_64\bin\java.dll
0x00007ffb1c130000 - 0x00007ffb1c148000 	c:\Users\Juan Vargas\.vscode\extensions\redhat.java-1.25.1-win32-x64\jre\17.0.9-win32-x86_64\bin\zip.dll
0x00007ffb43b50000 - 0x00007ffb45048000 	C:\Windows\System32\SHELL32.dll
0x00007ffb42810000 - 0x00007ffb428b7000 	C:\Windows\System32\shcore.dll
0x00007ffb415f0000 - 0x00007ffb41d37000 	C:\Windows\System32\windows.storage.dll
0x00007ffb415c0000 - 0x00007ffb415e3000 	C:\Windows\System32\profapi.dll
0x00007ffb43af0000 - 0x00007ffb43b42000 	C:\Windows\System32\shlwapi.dll
0x00007ffb42190000 - 0x00007ffb421ab000 	C:\Windows\System32\cryptsp.dll
0x00007ffb1bf80000 - 0x00007ffb1bf99000 	C:\Users\Juan Vargas\.vscode\extensions\redhat.java-1.25.1-win32-x64\jre\17.0.9-win32-x86_64\bin\net.dll
0x00007ffb33bd0000 - 0x00007ffb33ccd000 	C:\Windows\SYSTEM32\WINHTTP.dll
0x00007ffb40d10000 - 0x00007ffb40d77000 	C:\Windows\system32\mswsock.dll
0x00007ffaf2e80000 - 0x00007ffaf2e96000 	C:\Users\Juan Vargas\.vscode\extensions\redhat.java-1.25.1-win32-x64\jre\17.0.9-win32-x86_64\bin\nio.dll
0x00007ffb2be70000 - 0x00007ffb2be80000 	c:\Users\Juan Vargas\.vscode\extensions\redhat.java-1.25.1-win32-x64\jre\17.0.9-win32-x86_64\bin\verify.dll

dbghelp: loaded successfully - version: 4.0.5 - missing functions: none
symbol engine: initialized successfully - sym options: 0x614 - pdb path: .;c:\Users\Juan Vargas\.vscode\extensions\redhat.java-1.25.1-win32-x64\jre\17.0.9-win32-x86_64\bin;C:\Windows\SYSTEM32;C:\Windows\WinSxS\amd64_microsoft.windows.common-controls_6595b64144ccf1df_6.0.17763.5122_none_de6fbcf2534c9850;c:\Users\Juan Vargas\.vscode\extensions\redhat.java-1.25.1-win32-x64\jre\17.0.9-win32-x86_64\bin\server

VM Arguments:
jvm_args: --add-modules=ALL-SYSTEM --add-opens=java.base/java.util=ALL-UNNAMED --add-opens=java.base/java.lang=ALL-UNNAMED --add-opens=java.base/sun.nio.fs=ALL-UNNAMED -Declipse.application=org.eclipse.jdt.ls.core.id1 -Dosgi.bundles.defaultStartLevel=4 -Declipse.product=org.eclipse.jdt.ls.core.product -Djava.import.generatesMetadataFilesAtProjectRoot=false -DDetectVMInstallationsJob.disabled=true -Dfile.encoding=utf8 -XX:+UseParallelGC -XX:GCTimeRatio=4 -XX:AdaptiveSizePolicyWeight=90 -Dsun.zip.disableMemoryMapping=true -Xmx1G -Xms100m -Xlog:disable -javaagent:c:\Users\Juan Vargas\.vscode\extensions\redhat.java-1.25.1-win32-x64\lombok\lombok-1.18.30.jar 
java_command: c:\Users\Juan Vargas\.vscode\extensions\redhat.java-1.25.1-win32-x64\server\plugins\org.eclipse.equinox.launcher_1.6.600.v20231106-1826.jar -configuration c:\Users\Juan Vargas\AppData\Roaming\Code\User\globalStorage\redhat.java\1.25.1\config_ss_win -data c:\Users\Juan Vargas\AppData\Roaming\Code\User\workspaceStorage\9bff7dcea43d9357d7f307d8c298b8f6\redhat.java\ss_ws --stdio
java_class_path (initial): c:\Users\Juan Vargas\.vscode\extensions\redhat.java-1.25.1-win32-x64\server\plugins\org.eclipse.equinox.launcher_1.6.600.v20231106-1826.jar
Launcher Type: SUN_STANDARD

[Global flags]
    uintx AdaptiveSizePolicyWeight                 = 90                                        {product} {command line}
     intx CICompilerCount                          = 4                                         {product} {ergonomic}
    uintx GCTimeRatio                              = 4                                         {product} {command line}
   size_t InitialHeapSize                          = 104857600                                 {product} {command line}
   size_t MaxHeapSize                              = 1073741824                                {product} {command line}
   size_t MaxNewSize                               = 357564416                                 {product} {ergonomic}
   size_t MinHeapDeltaBytes                        = 524288                                    {product} {ergonomic}
   size_t MinHeapSize                              = 104857600                                 {product} {command line}
   size_t NewSize                                  = 34603008                                  {product} {ergonomic}
    uintx NonNMethodCodeHeapSize                   = 5839372                                {pd product} {ergonomic}
    uintx NonProfiledCodeHeapSize                  = 122909434                              {pd product} {ergonomic}
   size_t OldSize                                  = 70254592                                  {product} {ergonomic}
    uintx ProfiledCodeHeapSize                     = 122909434                              {pd product} {ergonomic}
    uintx ReservedCodeCacheSize                    = 251658240                              {pd product} {ergonomic}
     bool SegmentedCodeCache                       = true                                      {product} {ergonomic}
   size_t SoftMaxHeapSize                          = 1073741824                             {manageable} {ergonomic}
     bool UseCompressedClassPointers               = true                           {product lp64_product} {ergonomic}
     bool UseCompressedOops                        = true                           {product lp64_product} {ergonomic}
     bool UseLargePagesIndividualAllocation        = false                                  {pd product} {ergonomic}
     bool UseParallelGC                            = true                                      {product} {command line}

Logging:
Log output configuration:
 #0: stdout all=off uptime,level,tags
 #1: stderr all=off uptime,level,tags

Environment Variables:
PATH=C:\Program Files\Common Files\Oracle\Java\javapath;C:\Program Files (x86)\Common Files\Oracle\Java\javapath;C:\Program Files\Java\jre-1.8\bin;C:\Windows\system32;C:\Windows;C:\Windows\System32\Wbem;C:\Windows\System32\WindowsPowerShell\v1.0\;C:\Windows\System32\OpenSSH\;C:\ProgramData\chocolatey\bin;C:\Program Files\Java\jdk-21\bin;C:\Program Files\Git\cmd;C:\Users\Juan Vargas\AppData\Local\Microsoft\WindowsApps;C:\Users\Juan Vargas\AppData\Local\Programs\Microsoft VS Code\bin
USERNAME=Juan Vargas
OS=Windows_NT
PROCESSOR_IDENTIFIER=AMD64 Family 23 Model 24 Stepping 1, AuthenticAMD
TMP=C:\Users\JUANVA~1\AppData\Local\Temp
TEMP=C:\Users\JUANVA~1\AppData\Local\Temp



Periodic native trim disabled


---------------  S Y S T E M  ---------------

OS:
 Windows 10 , 64 bit Build 17763 (10.0.17763.4974)
OS uptime: 0 days 11:34 hours

CPU: total 8 (initial active 8) (8 cores per cpu, 2 threads per core) family 23 model 24 stepping 1 microcode 0x0, cx8, cmov, fxsr, ht, mmx, 3dnowpref, sse, sse2, sse3, ssse3, sse4a, sse4.1, sse4.2, popcnt, lzcnt, tsc, tscinvbit, avx, avx2, aes, clmul, bmi1, bmi2, adx, sha, fma, vzeroupper, clflush, clflushopt
Processor Information for all 8 processors :
  Max Mhz: 2100, Current Mhz: 1700, Mhz Limit: 2100

Memory: 4k page, system-wide physical 3526M (242M free)
TotalPageFile size 7622M (AvailPageFile size 178M)
current process WorkingSet (physical memory assigned to process): 49M, peak: 49M
current process commit charge ("private bytes"): 190M, peak: 190M

vm_info: OpenJDK 64-Bit Server VM (17.0.9+9) for windows-amd64 JRE (17.0.9+9), built on Oct 26 2023 14:01:42 by "admin" with MS VC++ 16.10 / 16.11 (VS2019)

END.
